
(gjs:32463): Gjs-WARNING **: 12:50:13.550: Type void of property AstalWp.Video::recorders does not match return type glist of getter get_recorders. Falling back to slow path

(gjs:32463): Json-CRITICAL **: 12:50:13.766: json_node_get_string: assertion 'JSON_NODE_IS_VALID (node)' failed

** (gjs:32463): CRITICAL **: 12:50:13.766: astal_hyprland_hyprland_get_client: assertion 'address != NULL' failed

(gjs:32463): Gjs-WARNING **: 12:50:15.302: Type interface of property Gtk.ColorButton::rgba does not match type gboolean of first argument of setter set_use_alpha. Falling back to slow path

** (gjs:32463): WARNING **: 12:50:24.535: icon.vala:21: g-icon is deprecated. Use gicon instead.

** (gjs:32463): WARNING **: 12:56:48.695: cannot assign file:///tmp/..com.vivaldi.Vivaldi.AzFdvB/logo.png as icon, it is not a file nor a named icon

** (gjs:32463): WARNING **: 12:56:48.709: cannot assign file:///tmp/..com.vivaldi.Vivaldi.AzFdvB/logo.png as icon, it is not a file nor a named icon

** (gjs:32463): WARNING **: 15:53:16.454: cannot assign file:///tmp/..com.vivaldi.Vivaldi.AzFdvB/logo.png as icon, it is not a file nor a named icon

** (gjs:32463): WARNING **: 17:29:25.682: cannot assign file:///tmp/..com.vivaldi.Vivaldi.AzFdvB/logo.png as icon, it is not a file nor a named icon

** (gjs:32463): WARNING **: 17:29:25.718: cannot assign file:///tmp/..com.vivaldi.Vivaldi.AzFdvB/logo.png as icon, it is not a file nor a named icon

** (gjs:32463): WARNING **: 18:25:04.680: cannot assign file:///tmp/..com.vivaldi.Vivaldi.AzFdvB/logo.png as icon, it is not a file nor a named icon

** (gjs:32463): WARNING **: 19:59:49.953: cannot assign file:///tmp/..com.vivaldi.Vivaldi.AzFdvB/logo.png as icon, it is not a file nor a named icon

** (gjs:32463): WARNING **: 19:59:49.985: cannot assign file:///tmp/..com.vivaldi.Vivaldi.AzFdvB/logo.png as icon, it is not a file nor a named icon

** (gjs:32463): WARNING **: 20:01:54.257: cannot assign file:///tmp/..com.vivaldi.Vivaldi.AzFdvB/logo.png as icon, it is not a file nor a named icon

** (gjs:32463): WARNING **: 20:01:54.288: cannot assign file:///tmp/..com.vivaldi.Vivaldi.AzFdvB/logo.png as icon, it is not a file nor a named icon

** (gjs:32463): WARNING **: 20:01:59.713: cannot assign file:///tmp/..com.vivaldi.Vivaldi.AzFdvB/logo.png as icon, it is not a file nor a named icon

** (gjs:32463): WARNING **: 20:11:16.312: GDBus.Error:org.freedesktop.DBus.Error.NoReply: Remote peer disconnected

** (gjs:32463): WARNING **: 20:11:43.302: cannot assign file:///tmp/..com.vivaldi.Vivaldi.AzFdvB/logo.png as icon, it is not a file nor a named icon

** (gjs:32463): WARNING **: 20:11:44.806: cannot assign file:///tmp/..com.vivaldi.Vivaldi.AzFdvB/logo.png as icon, it is not a file nor a named icon

** (gjs:32463): CRITICAL **: 22:32:40.928: application.vala:132: no window with name "bar-0"

(gjs:32463): Gjs-CRITICAL **: 22:32:41.019: JS ERROR: TypeError: monitor3 is null
trackActiveMonitor/<@file:///usr/share/hyprpanel/hyprpanel.js:13254:21 -> monitor@../src/components/notifications/helpers.ts:34:24
update@file:///usr/share/hyprpanel/hyprpanel.js:281:28 -> ../../../../../../../../usr/share/astal/gjs/variable.ts:205:30
derive/unsubs</<@file:///usr/share/hyprpanel/hyprpanel.js:283:71 -> ../../../../../../../../usr/share/astal/gjs/variable.ts:207:72
subscribe/id<@file:///usr/share/hyprpanel/hyprpanel.js:79:17 -> ../../../../../../../../usr/share/astal/gjs/binding.ts:78:17
_init/GLib.MainLoop.prototype.runAsync/</<@resource:///org/gnome/gjs/modules/core/overrides/GLib.js:263:34

(gjs:32463): Gjs-CRITICAL **: 22:32:41.019: JS ERROR: TypeError: currentMonitor is null
getOsdMonitor/<@file:///usr/share/hyprpanel/hyprpanel.js:20388:64 -> ../src/components/osd/helpers.ts:71:70
update@file:///usr/share/hyprpanel/hyprpanel.js:281:28 -> ../../../../../../../../usr/share/astal/gjs/variable.ts:205:30
derive/unsubs</<@file:///usr/share/hyprpanel/hyprpanel.js:283:71 -> ../../../../../../../../usr/share/astal/gjs/variable.ts:207:72
subscribe/id<@file:///usr/share/hyprpanel/hyprpanel.js:79:17 -> ../../../../../../../../usr/share/astal/gjs/binding.ts:78:17
_init/GLib.MainLoop.prototype.runAsync/</<@resource:///org/gnome/gjs/modules/core/overrides/GLib.js:263:34

(gjs:32463): Gjs-CRITICAL **: 22:32:41.019: JS ERROR: TypeError: currentMonitor is null
getOsdMonitor/<@file:///usr/share/hyprpanel/hyprpanel.js:20388:64 -> ../src/components/osd/helpers.ts:71:70
update@file:///usr/share/hyprpanel/hyprpanel.js:281:28 -> ../../../../../../../../usr/share/astal/gjs/variable.ts:205:30
derive/unsubs</<@file:///usr/share/hyprpanel/hyprpanel.js:283:71 -> ../../../../../../../../usr/share/astal/gjs/variable.ts:207:72
subscribe/id<@file:///usr/share/hyprpanel/hyprpanel.js:79:17 -> ../../../../../../../../usr/share/astal/gjs/binding.ts:78:17
_init/GLib.MainLoop.prototype.runAsync/</<@resource:///org/gnome/gjs/modules/core/overrides/GLib.js:263:34

** (gjs:32463): CRITICAL **: 22:32:41.019: application.vala:132: no window with name "bar-0"
