[LOG] Registered timeout rule for 180s:
      on-timeout: lock_cmd
      on-resume: 
[LOG] Registered timeout rule for 240s:
      on-timeout: hyprctl dispatch dpms off
      on-resume: hyprctl dispatch dpms on
[LOG] Registered timeout rule for 540s:
      on-timeout: systemctl suspend
      on-resume: 
[LOG]   | got iface: wl_seat v9
[LOG]    > Bound to wl_seat v9
[LOG]   | got iface: wl_data_device_manager v3
[LOG]   | got iface: wl_compositor v6
[LOG]   | got iface: wl_subcompositor v1
[LOG]   | got iface: wl_shm v1
[LOG]   | got iface: wp_viewporter v1
[LOG]   | got iface: wp_tearing_control_manager_v1 v1
[LOG]   | got iface: wp_fractional_scale_manager_v1 v1
[LOG]   | got iface: zxdg_output_manager_v1 v3
[LOG]   | got iface: wp_cursor_shape_manager_v1 v1
[LOG]   | got iface: zwp_idle_inhibit_manager_v1 v1
[LOG]   | got iface: zwp_relative_pointer_manager_v1 v1
[LOG]   | got iface: zxdg_decoration_manager_v1 v1
[LOG]   | got iface: wp_alpha_modifier_v1 v1
[LOG]   | got iface: zwlr_gamma_control_manager_v1 v1
[LOG]   | got iface: ext_foreign_toplevel_list_v1 v1
[LOG]   | got iface: zwp_pointer_gestures_v1 v3
[LOG]   | got iface: zwlr_foreign_toplevel_manager_v1 v3
[LOG]   | got iface: zwp_keyboard_shortcuts_inhibit_manager_v1 v1
[LOG]   | got iface: zwp_text_input_manager_v1 v1
[LOG]   | got iface: zwp_text_input_manager_v3 v1
[LOG]   | got iface: zwp_pointer_constraints_v1 v1
[LOG]   | got iface: zwlr_output_power_manager_v1 v1
[LOG]   | got iface: xdg_activation_v1 v1
[LOG]   | got iface: ext_idle_notifier_v1 v2
[LOG]    > Bound to ext_idle_notifier_v1 v2
[LOG]   | got iface: hyprland_lock_notifier_v1 v1
[LOG]    > Bound to hyprland_lock_notifier_v1 v1
[LOG]   | got iface: ext_session_lock_manager_v1 v1
[LOG]   | got iface: zwp_input_method_manager_v2 v1
[LOG]   | got iface: zwp_virtual_keyboard_manager_v1 v1
[LOG]   | got iface: zwlr_virtual_pointer_manager_v1 v2
[LOG]   | got iface: zwlr_output_manager_v1 v4
[LOG]   | got iface: org_kde_kwin_server_decoration_manager v1
[LOG]   | got iface: hyprland_focus_grab_manager_v1 v1
[LOG]   | got iface: zwp_tablet_manager_v2 v1
[LOG]   | got iface: zwlr_layer_shell_v1 v5
[LOG]   | got iface: wp_presentation v1
[LOG]   | got iface: xdg_wm_base v6
[LOG]   | got iface: zwlr_data_control_manager_v1 v2
[LOG]   | got iface: zwp_primary_selection_device_manager_v1 v1
[LOG]   | got iface: xwayland_shell_v1 v1
[LOG]   | got iface: zwlr_screencopy_manager_v1 v3
[LOG]   | got iface: hyprland_toplevel_export_manager_v1 v2
[LOG]   | got iface: hyprland_toplevel_mapping_manager_v1 v1
[LOG]   | got iface: hyprland_global_shortcuts_manager_v1 v1
[LOG]   | got iface: xdg_wm_dialog_v1 v1
[LOG]   | got iface: wp_single_pixel_buffer_manager_v1 v1
[LOG]   | got iface: wp_security_context_manager_v1 v1
[LOG]   | got iface: hyprland_ctm_control_manager_v1 v2
[LOG]   | got iface: hyprland_surface_manager_v1 v2
[LOG]   | got iface: wp_content_type_manager_v1 v1
[LOG]   | got iface: xdg_toplevel_tag_manager_v1 v1
[LOG]   | got iface: xdg_system_bell_v1 v1
[LOG]   | got iface: wp_color_manager_v1 v1
[LOG]   | got iface: wp_drm_lease_device_v1 v1
[LOG]   | got iface: wp_linux_drm_syncobj_manager_v1 v1
[LOG]   | got iface: wl_drm v2
[LOG]   | got iface: zwp_linux_dmabuf_v1 v5
[LOG]   | got iface: wl_output v4
[LOG] found 3 rules
[LOG] wayland done, registering dbus
[LOG] Sleep inhibition enabled
[LOG] Using dbus path /org/freedesktop/login1/session/_32
[LOG] Inhibited sleep with fd 11
[LOG] Idled: rule 560c00186010
[LOG] Running lock_cmd
[LOG] Executing lock_cmd
[LOG] Process Created with pid 55085
Hyprlock version v0.8.2
[ERR] Config has errors:
Config error in file /home/mason/.config/hypr/hyprlock.conf at line 49: config option <input-field:fail_timeout> does not exist.
Config error in file /home/mason/.config/hypr/hyprlock.conf at line 50: config option <input-field:fail_transition> does not exist.
Proceeding ignoring faulty entries
[LOG]   | got iface: wl_seat v9
[LOG]    > Bound to wl_seat v9
[LOG]   | got iface: wl_data_device_manager v3
[LOG]   | got iface: wl_compositor v6
[LOG]    > Bound to wl_compositor v6
[LOG]   | got iface: wl_subcompositor v1
[LOG]   | got iface: wl_shm v1
[LOG]    > Bound to wl_shm v1
[LOG]   | got iface: wp_viewporter v1
[LOG]    > Bound to wp_viewporter v1
[LOG]   | got iface: wp_tearing_control_manager_v1 v1
[LOG]   | got iface: wp_fractional_scale_manager_v1 v1
[LOG]    > Bound to wp_fractional_scale_manager_v1 v1
[LOG]   | got iface: zxdg_output_manager_v1 v3
[LOG]   | got iface: wp_cursor_shape_manager_v1 v1
[LOG]    > Bound to wp_cursor_shape_manager_v1 v1
[LOG]   | got iface: zwp_idle_inhibit_manager_v1 v1
[LOG]   | got iface: zwp_relative_pointer_manager_v1 v1
[LOG]   | got iface: zxdg_decoration_manager_v1 v1
[LOG]   | got iface: wp_alpha_modifier_v1 v1
[LOG]   | got iface: zwlr_gamma_control_manager_v1 v1
[LOG]   | got iface: ext_foreign_toplevel_list_v1 v1
[LOG]   | got iface: zwp_pointer_gestures_v1 v3
[LOG]   | got iface: zwlr_foreign_toplevel_manager_v1 v3
[LOG]   | got iface: zwp_keyboard_shortcuts_inhibit_manager_v1 v1
[LOG]   | got iface: zwp_text_input_manager_v1 v1
[LOG]   | got iface: zwp_text_input_manager_v3 v1
[LOG]   | got iface: zwp_pointer_constraints_v1 v1
[LOG]   | got iface: zwlr_output_power_manager_v1 v1
[LOG]   | got iface: xdg_activation_v1 v1
[LOG]   | got iface: ext_idle_notifier_v1 v2
[LOG]   | got iface: hyprland_lock_notifier_v1 v1
[LOG]   | got iface: ext_session_lock_manager_v1 v1
[LOG]    > Bound to ext_session_lock_manager_v1 v1
[LOG]   | got iface: zwp_input_method_manager_v2 v1
[LOG]   | got iface: zwp_virtual_keyboard_manager_v1 v1
[LOG]   | got iface: zwlr_virtual_pointer_manager_v1 v2
[LOG]   | got iface: zwlr_output_manager_v1 v4
[LOG]   | got iface: org_kde_kwin_server_decoration_manager v1
[LOG]   | got iface: hyprland_focus_grab_manager_v1 v1
[LOG]   | got iface: zwp_tablet_manager_v2 v1
[LOG]   | got iface: zwlr_layer_shell_v1 v5
[LOG]   | got iface: wp_presentation v1
[LOG]   | got iface: xdg_wm_base v6
[LOG]   | got iface: zwlr_data_control_manager_v1 v2
[LOG]   | got iface: zwp_primary_selection_device_manager_v1 v1
[LOG]   | got iface: xwayland_shell_v1 v1
[LOG]   | got iface: zwlr_screencopy_manager_v1 v3
[LOG]    > Bound to zwlr_screencopy_manager_v1 v3
[LOG]   | got iface: hyprland_toplevel_export_manager_v1 v2
[LOG]   | got iface: hyprland_toplevel_mapping_manager_v1 v1
[LOG]   | got iface: hyprland_global_shortcuts_manager_v1 v1
[LOG]   | got iface: xdg_wm_dialog_v1 v1
[LOG]   | got iface: wp_single_pixel_buffer_manager_v1 v1
[LOG]   | got iface: wp_security_context_manager_v1 v1
[LOG]   | got iface: hyprland_ctm_control_manager_v1 v2
[LOG]   | got iface: hyprland_surface_manager_v1 v2
[LOG]   | got iface: wp_content_type_manager_v1 v1
[LOG]   | got iface: xdg_toplevel_tag_manager_v1 v1
[LOG]   | got iface: xdg_system_bell_v1 v1
[LOG]   | got iface: wp_color_manager_v1 v1
[LOG]   | got iface: wp_drm_lease_device_v1 v1
[LOG]   | got iface: wp_linux_drm_syncobj_manager_v1 v1
[LOG]   | got iface: wl_drm v2
[LOG]   | got iface: zwp_linux_dmabuf_v1 v5
[LOG]    > Bound to zwp_linux_dmabuf_v1 v5
[LOG]   | got iface: wl_output v4
[LOG]    > Bound to wl_output v4
[LOG] Exposed seat name: Hyprland
[LOG] [core] dmabufFeedbackMainDevice
[LOG] output eDP-2 name eDP-2
[LOG] output 58 description BOE 0x0BC9  (eDP-2)
[LOG] output 58 make BOE model 0x0BC9
[LOG] output 58 done
[LOG] Running on Hyprland
[LOG] Locking session
[LOG] Starting fade in
[LOG] Got fractional scale: 100.0%
[LOG] configure with serial 4475
[LOG] Configuring surface for logical [Vector2D: x: 2560, y: 1600] and pixel [Vector2D: x: 2560, y: 1600]
[LOG] onLockLocked ca[LOG] Wayland session got locked
[LOG] Executing 
[LOG] Process Created with pid 55111
[LOG] Idled: rule 560c00186058
[LOG] Running hyprctl dispatch dpms off
[LOG] Executing hyprctl dispatch dpms off
[LOG] Process Created with pid 55380
ok
[LOG] Resumed: rule 560c00186010
[LOG] Ignoring, onRestore is empty.
[LOG] Resumed: rule 560c00186058
[LOG] Running hyprctl dispatch dpms on
[LOG] Executing hyprctl dispatch dpms on
[LOG] Process Created with pid 55551
ok
[LOG] Wayland session got unlocked
[LOG] Executing 
[LOG] Process Created with pid 55641
lled
[LOG] Authenticating
[LOG] PAM_PROMPT: Password: 
[LOG] auth: authenticated for hyprlock
[LOG] Unlocking session
[LOG] Unlocked, exiting!
[LOG] Reached the end, exiting
[LOG] Idled: rule 560c00186010
[LOG] Running lock_cmd
[LOG] Executing lock_cmd
[LOG] Process Created with pid 63190
Hyprlock version v0.8.2
[ERR] Config has errors:
Config error in file /home/mason/.config/hypr/hyprlock.conf at line 49: config option <input-field:fail_timeout> does not exist.
Config error in file /home/mason/.config/hypr/hyprlock.conf at line 50: config option <input-field:fail_transition> does not exist.
Proceeding ignoring faulty entries
[LOG]   | got iface: wl_seat v9
[LOG]    > Bound to wl_seat v9
[LOG]   | got iface: wl_data_device_manager v3
[LOG]   | got iface: wl_compositor v6
[LOG]    > Bound to wl_compositor v6
[LOG]   | got iface: wl_subcompositor v1
[LOG]   | got iface: wl_shm v1
[LOG]    > Bound to wl_shm v1
[LOG]   | got iface: wp_viewporter v1
[LOG]    > Bound to wp_viewporter v1
[LOG]   | got iface: wp_tearing_control_manager_v1 v1
[LOG]   | got iface: wp_fractional_scale_manager_v1 v1
[LOG]    > Bound to wp_fractional_scale_manager_v1 v1
[LOG]   | got iface: zxdg_output_manager_v1 v3
[LOG]   | got iface: wp_cursor_shape_manager_v1 v1
[LOG]    > Bound to wp_cursor_shape_manager_v1 v1
[LOG]   | got iface: zwp_idle_inhibit_manager_v1 v1
[LOG]   | got iface: zwp_relative_pointer_manager_v1 v1
[LOG]   | got iface: zxdg_decoration_manager_v1 v1
[LOG]   | got iface: wp_alpha_modifier_v1 v1
[LOG]   | got iface: zwlr_gamma_control_manager_v1 v1
[LOG]   | got iface: ext_foreign_toplevel_list_v1 v1
[LOG]   | got iface: zwp_pointer_gestures_v1 v3
[LOG]   | got iface: zwlr_foreign_toplevel_manager_v1 v3
[LOG]   | got iface: zwp_keyboard_shortcuts_inhibit_manager_v1 v1
[LOG]   | got iface: zwp_text_input_manager_v1 v1
[LOG]   | got iface: zwp_text_input_manager_v3 v1
[LOG]   | got iface: zwp_pointer_constraints_v1 v1
[LOG]   | got iface: zwlr_output_power_manager_v1 v1
[LOG]   | got iface: xdg_activation_v1 v1
[LOG]   | got iface: ext_idle_notifier_v1 v2
[LOG]   | got iface: hyprland_lock_notifier_v1 v1
[LOG]   | got iface: ext_session_lock_manager_v1 v1
[LOG]    > Bound to ext_session_lock_manager_v1 v1
[LOG]   | got iface: zwp_input_method_manager_v2 v1
[LOG]   | got iface: zwp_virtual_keyboard_manager_v1 v1
[LOG]   | got iface: zwlr_virtual_pointer_manager_v1 v2
[LOG]   | got iface: zwlr_output_manager_v1 v4
[LOG]   | got iface: org_kde_kwin_server_decoration_manager v1
[LOG]   | got iface: hyprland_focus_grab_manager_v1 v1
[LOG]   | got iface: zwp_tablet_manager_v2 v1
[LOG]   | got iface: zwlr_layer_shell_v1 v5
[LOG]   | got iface: wp_presentation v1
[LOG]   | got iface: xdg_wm_base v6
[LOG]   | got iface: zwlr_data_control_manager_v1 v2
[LOG]   | got iface: zwp_primary_selection_device_manager_v1 v1
[LOG]   | got iface: xwayland_shell_v1 v1
[LOG]   | got iface: zwlr_screencopy_manager_v1 v3
[LOG]    > Bound to zwlr_screencopy_manager_v1 v3
[LOG]   | got iface: hyprland_toplevel_export_manager_v1 v2
[LOG]   | got iface: hyprland_toplevel_mapping_manager_v1 v1
[LOG]   | got iface: hyprland_global_shortcuts_manager_v1 v1
[LOG]   | got iface: xdg_wm_dialog_v1 v1
[LOG]   | got iface: wp_single_pixel_buffer_manager_v1 v1
[LOG]   | got iface: wp_security_context_manager_v1 v1
[LOG]   | got iface: hyprland_ctm_control_manager_v1 v2
[LOG]   | got iface: hyprland_surface_manager_v1 v2
[LOG]   | got iface: wp_content_type_manager_v1 v1
[LOG]   | got iface: xdg_toplevel_tag_manager_v1 v1
[LOG]   | got iface: xdg_system_bell_v1 v1
[LOG]   | got iface: wp_color_manager_v1 v1
[LOG]   | got iface: wp_drm_lease_device_v1 v1
[LOG]   | got iface: wp_linux_drm_syncobj_manager_v1 v1
[LOG]   | got iface: wl_drm v2
[LOG]   | got iface: zwp_linux_dmabuf_v1 v5
[LOG]    > Bound to zwp_linux_dmabuf_v1 v5
[LOG]   | got iface: wl_output v4
[LOG]    > Bound to wl_output v4
[LOG] Exposed seat name: Hyprland
[LOG] [core] dmabufFeedbackMainDevice
[LOG] output eDP-2 name eDP-2
[LOG] output 58 description BOE 0x0BC9  (eDP-2)
[LOG] output 58 make BOE model 0x0BC9
[LOG] output 58 done
[LOG] Running on Hyprland
[LOG] Locking session
[LOG] Starting fade in
[LOG] Got fractional scale: 100.0%
[LOG] configure with serial 4829
[LOG] Configuring surface for logical [Vector2D: x: 2560, y: 1600] and pixel [Vector2D: x: 2560, y: 1600]
[LOG] onLockLocked ca[LOG] Wayland session got locked
[LOG] Executing 
[LOG] Process Created with pid 63217
[LOG] Idled: rule 560c00186058
[LOG] Running hyprctl dispatch dpms off
[LOG] Executing hyprctl dispatch dpms off
[LOG] Process Created with pid 63476
ok
[LOG] Resumed: rule 560c00186010
[LOG] Ignoring, onRestore is empty.
[LOG] Resumed: rule 560c00186058
[LOG] Running hyprctl dispatch dpms on
[LOG] Executing hyprctl dispatch dpms on
[LOG] Process Created with pid 63482
ok
[LOG] Wayland session got unlocked
[LOG] Executing 
[LOG] Process Created with pid 63708
lled
[LOG] Authenticating
[LOG] PAM_PROMPT: Password: 
[ERR] auth: Authentication failed for hyprlock
[LOG] Failed attempts: 1
[LOG] Authenticating
[LOG] PAM_PROMPT: Password: 
[LOG] auth: authenticated for hyprlock
[LOG] Unlocking session
[LOG] Unlocked, exiting!
[LOG] Reached the end, exiting
[LOG] Idled: rule 560c00186010
[LOG] Running lock_cmd
[LOG] Executing lock_cmd
[LOG] Process Created with pid 70384
Hyprlock version v0.8.2
[ERR] Config has errors:
Config error in file /home/mason/.config/hypr/hyprlock.conf at line 49: config option <input-field:fail_timeout> does not exist.
Config error in file /home/mason/.config/hypr/hyprlock.conf at line 50: config option <input-field:fail_transition> does not exist.
Proceeding ignoring faulty entries
[LOG]   | got iface: wl_seat v9
[LOG]    > Bound to wl_seat v9
[LOG]   | got iface: wl_data_device_manager v3
[LOG]   | got iface: wl_compositor v6
[LOG]    > Bound to wl_compositor v6
[LOG]   | got iface: wl_subcompositor v1
[LOG]   | got iface: wl_shm v1
[LOG]    > Bound to wl_shm v1
[LOG]   | got iface: wp_viewporter v1
[LOG]    > Bound to wp_viewporter v1
[LOG]   | got iface: wp_tearing_control_manager_v1 v1
[LOG]   | got iface: wp_fractional_scale_manager_v1 v1
[LOG]    > Bound to wp_fractional_scale_manager_v1 v1
[LOG]   | got iface: zxdg_output_manager_v1 v3
[LOG]   | got iface: wp_cursor_shape_manager_v1 v1
[LOG]    > Bound to wp_cursor_shape_manager_v1 v1
[LOG]   | got iface: zwp_idle_inhibit_manager_v1 v1
[LOG]   | got iface: zwp_relative_pointer_manager_v1 v1
[LOG]   | got iface: zxdg_decoration_manager_v1 v1
[LOG]   | got iface: wp_alpha_modifier_v1 v1
[LOG]   | got iface: zwlr_gamma_control_manager_v1 v1
[LOG]   | got iface: ext_foreign_toplevel_list_v1 v1
[LOG]   | got iface: zwp_pointer_gestures_v1 v3
[LOG]   | got iface: zwlr_foreign_toplevel_manager_v1 v3
[LOG]   | got iface: zwp_keyboard_shortcuts_inhibit_manager_v1 v1
[LOG]   | got iface: zwp_text_input_manager_v1 v1
[LOG]   | got iface: zwp_text_input_manager_v3 v1
[LOG]   | got iface: zwp_pointer_constraints_v1 v1
[LOG]   | got iface: zwlr_output_power_manager_v1 v1
[LOG]   | got iface: xdg_activation_v1 v1
[LOG]   | got iface: ext_idle_notifier_v1 v2
[LOG]   | got iface: hyprland_lock_notifier_v1 v1
[LOG]   | got iface: ext_session_lock_manager_v1 v1
[LOG]    > Bound to ext_session_lock_manager_v1 v1
[LOG]   | got iface: zwp_input_method_manager_v2 v1
[LOG]   | got iface: zwp_virtual_keyboard_manager_v1 v1
[LOG]   | got iface: zwlr_virtual_pointer_manager_v1 v2
[LOG]   | got iface: zwlr_output_manager_v1 v4
[LOG]   | got iface: org_kde_kwin_server_decoration_manager v1
[LOG]   | got iface: hyprland_focus_grab_manager_v1 v1
[LOG]   | got iface: zwp_tablet_manager_v2 v1
[LOG]   | got iface: zwlr_layer_shell_v1 v5
[LOG]   | got iface: wp_presentation v1
[LOG]   | got iface: xdg_wm_base v6
[LOG]   | got iface: zwlr_data_control_manager_v1 v2
[LOG]   | got iface: zwp_primary_selection_device_manager_v1 v1
[LOG]   | got iface: xwayland_shell_v1 v1
[LOG]   | got iface: zwlr_screencopy_manager_v1 v3
[LOG]    > Bound to zwlr_screencopy_manager_v1 v3
[LOG]   | got iface: hyprland_toplevel_export_manager_v1 v2
[LOG]   | got iface: hyprland_toplevel_mapping_manager_v1 v1
[LOG]   | got iface: hyprland_global_shortcuts_manager_v1 v1
[LOG]   | got iface: xdg_wm_dialog_v1 v1
[LOG]   | got iface: wp_single_pixel_buffer_manager_v1 v1
[LOG]   | got iface: wp_security_context_manager_v1 v1
[LOG]   | got iface: hyprland_ctm_control_manager_v1 v2
[LOG]   | got iface: hyprland_surface_manager_v1 v2
[LOG]   | got iface: wp_content_type_manager_v1 v1
[LOG]   | got iface: xdg_toplevel_tag_manager_v1 v1
[LOG]   | got iface: xdg_system_bell_v1 v1
[LOG]   | got iface: wp_color_manager_v1 v1
[LOG]   | got iface: wp_drm_lease_device_v1 v1
[LOG]   | got iface: wp_linux_drm_syncobj_manager_v1 v1
[LOG]   | got iface: wl_drm v2
[LOG]   | got iface: zwp_linux_dmabuf_v1 v5
[LOG]    > Bound to zwp_linux_dmabuf_v1 v5
[LOG]   | got iface: wl_output v4
[LOG]    > Bound to wl_output v4
[LOG] Exposed seat name: Hyprland
[LOG] [core] dmabufFeedbackMainDevice
[LOG] output eDP-2 name eDP-2
[LOG] output 58 description BOE 0x0BC9  (eDP-2)
[LOG] output 58 make BOE model 0x0BC9
[LOG] output 58 done
[LOG] Running on Hyprland
[LOG] Locking session
[LOG] Starting fade in
[LOG] Got fractional scale: 100.0%
[LOG] configure with serial 5270
[LOG] Configuring surface for logical [Vector2D: x: 2560, y: 1600] and pixel [Vector2D: x: 2560, y: 1600]
[LOG] onLockLocked ca[LOG] Wayland session got locked
[LOG] Executing 
[LOG] Process Created with pid 70409
[LOG] Resumed: rule 560c00186010
[LOG] Ignoring, onRestore is empty.
[LOG] Wayland session got unlocked
[LOG] Executing 
[LOG] Process Created with pid 70823
lled
[LOG] Authenticating
[LOG] PAM_PROMPT: Password: 
[LOG] auth: authenticated for hyprlock
[LOG] Unlocking session
[LOG] Unlocked, exiting!
[LOG] Reached the end, exiting
[LOG] Got PrepareForSleep from dbus with sleep true
[LOG] Releasing the sleep inhibitor!
[LOG] Got PrepareForSleep from dbus with sleep false
[LOG] Inhibited sleep with fd 11
[LOG] Executing hyprctl dispatch dpms on && (systemctl --user is-active --quiet hyprpanel || systemctl --user start hyprpanel)
[LOG] Process Created with pid 187674
Couldn't commit output {}
[LOG] Idled: rule 560c00186010
[LOG] Running lock_cmd
[LOG] Executing lock_cmd
[LOG] Process Created with pid 241923
Hyprlock version v0.8.2
[ERR] Config has errors:
Config error in file /home/mason/.config/hypr/hyprlock.conf at line 49: config option <input-field:fail_timeout> does not exist.
Config error in file /home/mason/.config/hypr/hyprlock.conf at line 50: config option <input-field:fail_transition> does not exist.
Proceeding ignoring faulty entries
[LOG]   | got iface: wl_seat v9
[LOG]    > Bound to wl_seat v9
[LOG]   | got iface: wl_data_device_manager v3
[LOG]   | got iface: wl_compositor v6
[LOG]    > Bound to wl_compositor v6
[LOG]   | got iface: wl_subcompositor v1
[LOG]   | got iface: wl_shm v1
[LOG]    > Bound to wl_shm v1
[LOG]   | got iface: wp_viewporter v1
[LOG]    > Bound to wp_viewporter v1
[LOG]   | got iface: wp_tearing_control_manager_v1 v1
[LOG]   | got iface: wp_fractional_scale_manager_v1 v1
[LOG]    > Bound to wp_fractional_scale_manager_v1 v1
[LOG]   | got iface: zxdg_output_manager_v1 v3
[LOG]   | got iface: wp_cursor_shape_manager_v1 v1
[LOG]    > Bound to wp_cursor_shape_manager_v1 v1
[LOG]   | got iface: zwp_idle_inhibit_manager_v1 v1
[LOG]   | got iface: zwp_relative_pointer_manager_v1 v1
[LOG]   | got iface: zxdg_decoration_manager_v1 v1
[LOG]   | got iface: wp_alpha_modifier_v1 v1
[LOG]   | got iface: zwlr_gamma_control_manager_v1 v1
[LOG]   | got iface: ext_foreign_toplevel_list_v1 v1
[LOG]   | got iface: zwp_pointer_gestures_v1 v3
[LOG]   | got iface: zwlr_foreign_toplevel_manager_v1 v3
[LOG]   | got iface: zwp_keyboard_shortcuts_inhibit_manager_v1 v1
[LOG]   | got iface: zwp_text_input_manager_v1 v1
[LOG]   | got iface: zwp_text_input_manager_v3 v1
[LOG]   | got iface: zwp_pointer_constraints_v1 v1
[LOG]   | got iface: zwlr_output_power_manager_v1 v1
[LOG]   | got iface: xdg_activation_v1 v1
[LOG]   | got iface: ext_idle_notifier_v1 v2
[LOG]   | got iface: hyprland_lock_notifier_v1 v1
[LOG]   | got iface: ext_session_lock_manager_v1 v1
[LOG]    > Bound to ext_session_lock_manager_v1 v1
[LOG]   | got iface: zwp_input_method_manager_v2 v1
[LOG]   | got iface: zwp_virtual_keyboard_manager_v1 v1
[LOG]   | got iface: zwlr_virtual_pointer_manager_v1 v2
[LOG]   | got iface: zwlr_output_manager_v1 v4
[LOG]   | got iface: org_kde_kwin_server_decoration_manager v1
[LOG]   | got iface: hyprland_focus_grab_manager_v1 v1
[LOG]   | got iface: zwp_tablet_manager_v2 v1
[LOG]   | got iface: zwlr_layer_shell_v1 v5
[LOG]   | got iface: wp_presentation v1
[LOG]   | got iface: xdg_wm_base v6
[LOG]   | got iface: zwlr_data_control_manager_v1 v2
[LOG]   | got iface: zwp_primary_selection_device_manager_v1 v1
[LOG]   | got iface: xwayland_shell_v1 v1
[LOG]   | got iface: zwlr_screencopy_manager_v1 v3
[LOG]    > Bound to zwlr_screencopy_manager_v1 v3
[LOG]   | got iface: hyprland_toplevel_export_manager_v1 v2
[LOG]   | got iface: hyprland_toplevel_mapping_manager_v1 v1
[LOG]   | got iface: hyprland_global_shortcuts_manager_v1 v1
[LOG]   | got iface: xdg_wm_dialog_v1 v1
[LOG]   | got iface: wp_single_pixel_buffer_manager_v1 v1
[LOG]   | got iface: wp_security_context_manager_v1 v1
[LOG]   | got iface: hyprland_ctm_control_manager_v1 v2
[LOG]   | got iface: hyprland_surface_manager_v1 v2
[LOG]   | got iface: wp_content_type_manager_v1 v1
[LOG]   | got iface: xdg_toplevel_tag_manager_v1 v1
[LOG]   | got iface: xdg_system_bell_v1 v1
[LOG]   | got iface: wp_color_manager_v1 v1
[LOG]   | got iface: wp_drm_lease_device_v1 v1
[LOG]   | got iface: wp_linux_drm_syncobj_manager_v1 v1
[LOG]   | got iface: wl_drm v2
[LOG]   | got iface: zwp_linux_dmabuf_v1 v5
[LOG]    > Bound to zwp_linux_dmabuf_v1 v5
[LOG]   | got iface: wl_output v4
[LOG]    > Bound to wl_output v4
[LOG] Exposed seat name: Hyprland
[LOG] [core] dmabufFeedbackMainDevice
[LOG] output eDP-2 name eDP-2
[LOG] output 58 description BOE 0x0BC9  (eDP-2)
[LOG] output 58 make BOE model 0x0BC9
[LOG] output 58 done
[LOG] Running on Hyprland
[LOG] Locking session
[LOG] Starting fade in
[LOG] Got fractional scale: 100.0%
[LOG] configure with serial 14367
[LOG] Configuring surface for logical [Vector2D: x: 2560, y: 1600] and pixel [Vector2D: x: 2560, y: 1600]
[LOG] onLockLocked c[LOG] Wayland session got locked
[LOG] Executing 
[LOG] Process Created with pid 241951
[LOG] Idled: rule 560c00186058
[LOG] Running hyprctl dispatch dpms off
[LOG] Executing hyprctl dispatch dpms off
[LOG] Process Created with pid 242017
ok
[LOG] Resumed: rule 560c00186010
[LOG] Ignoring, onRestore is empty.
[LOG] Resumed: rule 560c00186058
[LOG] Running hyprctl dispatch dpms on
[LOG] Executing hyprctl dispatch dpms on
[LOG] Process Created with pid 242020
ok
[LOG] Wayland session got unlocked
[LOG] Executing 
[LOG] Process Created with pid 242036
alled
[LOG] Authenticating
[LOG] PAM_PROMPT: Password: 
[LOG] auth: authenticated for hyprlock
[LOG] Unlocking session
[LOG] Unlocked, exiting!
[LOG] Reached the end, exiting
[LOG] Idled: rule 560c00186010
[LOG] Running lock_cmd
[LOG] Executing lock_cmd
[LOG] Process Created with pid 242626
Hyprlock version v0.8.2
[ERR] Config has errors:
Config error in file /home/mason/.config/hypr/hyprlock.conf at line 49: config option <input-field:fail_timeout> does not exist.
Config error in file /home/mason/.config/hypr/hyprlock.conf at line 50: config option <input-field:fail_transition> does not exist.
Proceeding ignoring faulty entries
[LOG]   | got iface: wl_seat v9
[LOG]    > Bound to wl_seat v9
[LOG]   | got iface: wl_data_device_manager v3
[LOG]   | got iface: wl_compositor v6
[LOG]    > Bound to wl_compositor v6
[LOG]   | got iface: wl_subcompositor v1
[LOG]   | got iface: wl_shm v1
[LOG]    > Bound to wl_shm v1
[LOG]   | got iface: wp_viewporter v1
[LOG]    > Bound to wp_viewporter v1
[LOG]   | got iface: wp_tearing_control_manager_v1 v1
[LOG]   | got iface: wp_fractional_scale_manager_v1 v1
[LOG]    > Bound to wp_fractional_scale_manager_v1 v1
[LOG]   | got iface: zxdg_output_manager_v1 v3
[LOG]   | got iface: wp_cursor_shape_manager_v1 v1
[LOG]    > Bound to wp_cursor_shape_manager_v1 v1
[LOG]   | got iface: zwp_idle_inhibit_manager_v1 v1
[LOG]   | got iface: zwp_relative_pointer_manager_v1 v1
[LOG]   | got iface: zxdg_decoration_manager_v1 v1
[LOG]   | got iface: wp_alpha_modifier_v1 v1
[LOG]   | got iface: zwlr_gamma_control_manager_v1 v1
[LOG]   | got iface: ext_foreign_toplevel_list_v1 v1
[LOG]   | got iface: zwp_pointer_gestures_v1 v3
[LOG]   | got iface: zwlr_foreign_toplevel_manager_v1 v3
[LOG]   | got iface: zwp_keyboard_shortcuts_inhibit_manager_v1 v1
[LOG]   | got iface: zwp_text_input_manager_v1 v1
[LOG]   | got iface: zwp_text_input_manager_v3 v1
[LOG]   | got iface: zwp_pointer_constraints_v1 v1
[LOG]   | got iface: zwlr_output_power_manager_v1 v1
[LOG]   | got iface: xdg_activation_v1 v1
[LOG]   | got iface: ext_idle_notifier_v1 v2
[LOG]   | got iface: hyprland_lock_notifier_v1 v1
[LOG]   | got iface: ext_session_lock_manager_v1 v1
[LOG]    > Bound to ext_session_lock_manager_v1 v1
[LOG]   | got iface: zwp_input_method_manager_v2 v1
[LOG]   | got iface: zwp_virtual_keyboard_manager_v1 v1
[LOG]   | got iface: zwlr_virtual_pointer_manager_v1 v2
[LOG]   | got iface: zwlr_output_manager_v1 v4
[LOG]   | got iface: org_kde_kwin_server_decoration_manager v1
[LOG]   | got iface: hyprland_focus_grab_manager_v1 v1
[LOG]   | got iface: zwp_tablet_manager_v2 v1
[LOG]   | got iface: zwlr_layer_shell_v1 v5
[LOG]   | got iface: wp_presentation v1
[LOG]   | got iface: xdg_wm_base v6
[LOG]   | got iface: zwlr_data_control_manager_v1 v2
[LOG]   | got iface: zwp_primary_selection_device_manager_v1 v1
[LOG]   | got iface: xwayland_shell_v1 v1
[LOG]   | got iface: zwlr_screencopy_manager_v1 v3
[LOG]    > Bound to zwlr_screencopy_manager_v1 v3
[LOG]   | got iface: hyprland_toplevel_export_manager_v1 v2
[LOG]   | got iface: hyprland_toplevel_mapping_manager_v1 v1
[LOG]   | got iface: hyprland_global_shortcuts_manager_v1 v1
[LOG]   | got iface: xdg_wm_dialog_v1 v1
[LOG]   | got iface: wp_single_pixel_buffer_manager_v1 v1
[LOG]   | got iface: wp_security_context_manager_v1 v1
[LOG]   | got iface: hyprland_ctm_control_manager_v1 v2
[LOG]   | got iface: hyprland_surface_manager_v1 v2
[LOG]   | got iface: wp_content_type_manager_v1 v1
[LOG]   | got iface: xdg_toplevel_tag_manager_v1 v1
[LOG]   | got iface: xdg_system_bell_v1 v1
[LOG]   | got iface: wp_color_manager_v1 v1
[LOG]   | got iface: wp_drm_lease_device_v1 v1
[LOG]   | got iface: wp_linux_drm_syncobj_manager_v1 v1
[LOG]   | got iface: wl_drm v2
[LOG]   | got iface: zwp_linux_dmabuf_v1 v5
[LOG]    > Bound to zwp_linux_dmabuf_v1 v5
[LOG]   | got iface: wl_output v4
[LOG]    > Bound to wl_output v4
[LOG] Exposed seat name: Hyprland
[LOG] [core] dmabufFeedbackMainDevice
[LOG] output eDP-2 name eDP-2
[LOG] output 58 description BOE 0x0BC9  (eDP-2)
[LOG] output 58 make BOE model 0x0BC9
[LOG] output 58 done
[LOG] Running on Hyprland
[LOG] Locking session
[LOG] Starting fade in
[LOG] Got fractional scale: 100.0%
[LOG] configure with serial 14689
[LOG] Configuring surface for logical [Vector2D: x: 2560, y: 1600] and pixel [Vector2D: x: 2560, y: 1600]
[LOG] onLockLocked c[LOG] Wayland session got locked
[LOG] Executing 
[LOG] Process Created with pid 242655
[LOG] Idled: rule 560c00186058
[LOG] Running hyprctl dispatch dpms off
[LOG] Executing hyprctl dispatch dpms off
[LOG] Process Created with pid 242660
ok
[LOG] Resumed: rule 560c00186010
[LOG] Ignoring, onRestore is empty.
[LOG] Resumed: rule 560c00186058
[LOG] Running hyprctl dispatch dpms on
[LOG] Executing hyprctl dispatch dpms on
[LOG] Process Created with pid 242688
ok
[LOG] Wayland session got unlocked
[LOG] Executing 
[LOG] Process Created with pid 242704
alled
[LOG] Authenticating
[LOG] PAM_PROMPT: Password: 
[LOG] auth: authenticated for hyprlock
[LOG] Unlocking session
[LOG] Unlocked, exiting!
[LOG] Reached the end, exiting
[LOG] Idled: rule 560c00186010
[LOG] Running lock_cmd
[LOG] Executing lock_cmd
[LOG] Process Created with pid 296982
Hyprlock version v0.8.2
[ERR] Config has errors:
Config error in file /home/mason/.config/hypr/hyprlock.conf at line 49: config option <input-field:fail_timeout> does not exist.
Config error in file /home/mason/.config/hypr/hyprlock.conf at line 50: config option <input-field:fail_transition> does not exist.
Proceeding ignoring faulty entries
[LOG]   | got iface: wl_seat v9
[LOG]    > Bound to wl_seat v9
[LOG]   | got iface: wl_data_device_manager v3
[LOG]   | got iface: wl_compositor v6
[LOG]    > Bound to wl_compositor v6
[LOG]   | got iface: wl_subcompositor v1
[LOG]   | got iface: wl_shm v1
[LOG]    > Bound to wl_shm v1
[LOG]   | got iface: wp_viewporter v1
[LOG]    > Bound to wp_viewporter v1
[LOG]   | got iface: wp_tearing_control_manager_v1 v1
[LOG]   | got iface: wp_fractional_scale_manager_v1 v1
[LOG]    > Bound to wp_fractional_scale_manager_v1 v1
[LOG]   | got iface: zxdg_output_manager_v1 v3
[LOG]   | got iface: wp_cursor_shape_manager_v1 v1
[LOG]    > Bound to wp_cursor_shape_manager_v1 v1
[LOG]   | got iface: zwp_idle_inhibit_manager_v1 v1
[LOG]   | got iface: zwp_relative_pointer_manager_v1 v1
[LOG]   | got iface: zxdg_decoration_manager_v1 v1
[LOG]   | got iface: wp_alpha_modifier_v1 v1
[LOG]   | got iface: zwlr_gamma_control_manager_v1 v1
[LOG]   | got iface: ext_foreign_toplevel_list_v1 v1
[LOG]   | got iface: zwp_pointer_gestures_v1 v3
[LOG]   | got iface: zwlr_foreign_toplevel_manager_v1 v3
[LOG]   | got iface: zwp_keyboard_shortcuts_inhibit_manager_v1 v1
[LOG]   | got iface: zwp_text_input_manager_v1 v1
[LOG]   | got iface: zwp_text_input_manager_v3 v1
[LOG]   | got iface: zwp_pointer_constraints_v1 v1
[LOG]   | got iface: zwlr_output_power_manager_v1 v1
[LOG]   | got iface: xdg_activation_v1 v1
[LOG]   | got iface: ext_idle_notifier_v1 v2
[LOG]   | got iface: hyprland_lock_notifier_v1 v1
[LOG]   | got iface: ext_session_lock_manager_v1 v1
[LOG]    > Bound to ext_session_lock_manager_v1 v1
[LOG]   | got iface: zwp_input_method_manager_v2 v1
[LOG]   | got iface: zwp_virtual_keyboard_manager_v1 v1
[LOG]   | got iface: zwlr_virtual_pointer_manager_v1 v2
[LOG]   | got iface: zwlr_output_manager_v1 v4
[LOG]   | got iface: org_kde_kwin_server_decoration_manager v1
[LOG]   | got iface: hyprland_focus_grab_manager_v1 v1
[LOG]   | got iface: zwp_tablet_manager_v2 v1
[LOG]   | got iface: zwlr_layer_shell_v1 v5
[LOG]   | got iface: wp_presentation v1
[LOG]   | got iface: xdg_wm_base v6
[LOG]   | got iface: zwlr_data_control_manager_v1 v2
[LOG]   | got iface: zwp_primary_selection_device_manager_v1 v1
[LOG]   | got iface: xwayland_shell_v1 v1
[LOG]   | got iface: zwlr_screencopy_manager_v1 v3
[LOG]    > Bound to zwlr_screencopy_manager_v1 v3
[LOG]   | got iface: hyprland_toplevel_export_manager_v1 v2
[LOG]   | got iface: hyprland_toplevel_mapping_manager_v1 v1
[LOG]   | got iface: hyprland_global_shortcuts_manager_v1 v1
[LOG]   | got iface: xdg_wm_dialog_v1 v1
[LOG]   | got iface: wp_single_pixel_buffer_manager_v1 v1
[LOG]   | got iface: wp_security_context_manager_v1 v1
[LOG]   | got iface: hyprland_ctm_control_manager_v1 v2
[LOG]   | got iface: hyprland_surface_manager_v1 v2
[LOG]   | got iface: wp_content_type_manager_v1 v1
[LOG]   | got iface: xdg_toplevel_tag_manager_v1 v1
[LOG]   | got iface: xdg_system_bell_v1 v1
[LOG]   | got iface: wp_color_manager_v1 v1
[LOG]   | got iface: wp_drm_lease_device_v1 v1
[LOG]   | got iface: wp_linux_drm_syncobj_manager_v1 v1
[LOG]   | got iface: wl_drm v2
[LOG]   | got iface: zwp_linux_dmabuf_v1 v5
[LOG]    > Bound to zwp_linux_dmabuf_v1 v5
[LOG]   | got iface: wl_output v4
[LOG]    > Bound to wl_output v4
[LOG] Exposed seat name: Hyprland
[LOG] [core] dmabufFeedbackMainDevice
[LOG] output eDP-2 name eDP-2
[LOG] output 58 description BOE 0x0BC9  (eDP-2)
[LOG] output 58 make BOE model 0x0BC9
[LOG] output 58 done
[LOG] Running on Hyprland
[LOG] Locking session
[LOG] Starting fade in
[LOG] Got fractional scale: 100.0%
[LOG] configure with serial 22066
[LOG] Configuring surface for logical [Vector2D: x: 2560, y: 1600] and pixel [Vector2D: x: 2560, y: 1600]
[LOG] onLockLocked c[LOG] Wayland session got locked
[LOG] Executing 
[LOG] Process Created with pid 297006
[LOG] Resumed: rule 560c00186010
[LOG] Ignoring, onRestore is empty.
[LOG] Wayland session got unlocked
[LOG] Executing 
[LOG] Process Created with pid 297251
alled
[LOG] Authenticating
[LOG] PAM_PROMPT: Password: 
[LOG] auth: authenticated for hyprlock
[LOG] Unlocking session
[LOG] Unlocked, exiting!
[LOG] Reached the end, exiting
[LOG] Idled: rule 560c00186010
[LOG] Running lock_cmd
[LOG] Executing lock_cmd
[LOG] Process Created with pid 321525
Hyprlock version v0.8.2
[ERR] Config has errors:
Config error in file /home/mason/.config/hypr/hyprlock.conf at line 49: config option <input-field:fail_timeout> does not exist.
Config error in file /home/mason/.config/hypr/hyprlock.conf at line 50: config option <input-field:fail_transition> does not exist.
Proceeding ignoring faulty entries
[LOG]   | got iface: wl_seat v9
[LOG]    > Bound to wl_seat v9
[LOG]   | got iface: wl_data_device_manager v3
[LOG]   | got iface: wl_compositor v6
[LOG]    > Bound to wl_compositor v6
[LOG]   | got iface: wl_subcompositor v1
[LOG]   | got iface: wl_shm v1
[LOG]    > Bound to wl_shm v1
[LOG]   | got iface: wp_viewporter v1
[LOG]    > Bound to wp_viewporter v1
[LOG]   | got iface: wp_tearing_control_manager_v1 v1
[LOG]   | got iface: wp_fractional_scale_manager_v1 v1
[LOG]    > Bound to wp_fractional_scale_manager_v1 v1
[LOG]   | got iface: zxdg_output_manager_v1 v3
[LOG]   | got iface: wp_cursor_shape_manager_v1 v1
[LOG]    > Bound to wp_cursor_shape_manager_v1 v1
[LOG]   | got iface: zwp_idle_inhibit_manager_v1 v1
[LOG]   | got iface: zwp_relative_pointer_manager_v1 v1
[LOG]   | got iface: zxdg_decoration_manager_v1 v1
[LOG]   | got iface: wp_alpha_modifier_v1 v1
[LOG]   | got iface: zwlr_gamma_control_manager_v1 v1
[LOG]   | got iface: ext_foreign_toplevel_list_v1 v1
[LOG]   | got iface: zwp_pointer_gestures_v1 v3
[LOG]   | got iface: zwlr_foreign_toplevel_manager_v1 v3
[LOG]   | got iface: zwp_keyboard_shortcuts_inhibit_manager_v1 v1
[LOG]   | got iface: zwp_text_input_manager_v1 v1
[LOG]   | got iface: zwp_text_input_manager_v3 v1
[LOG]   | got iface: zwp_pointer_constraints_v1 v1
[LOG]   | got iface: zwlr_output_power_manager_v1 v1
[LOG]   | got iface: xdg_activation_v1 v1
[LOG]   | got iface: ext_idle_notifier_v1 v2
[LOG]   | got iface: hyprland_lock_notifier_v1 v1
[LOG]   | got iface: ext_session_lock_manager_v1 v1
[LOG]    > Bound to ext_session_lock_manager_v1 v1
[LOG]   | got iface: zwp_input_method_manager_v2 v1
[LOG]   | got iface: zwp_virtual_keyboard_manager_v1 v1
[LOG]   | got iface: zwlr_virtual_pointer_manager_v1 v2
[LOG]   | got iface: zwlr_output_manager_v1 v4
[LOG]   | got iface: org_kde_kwin_server_decoration_manager v1
[LOG]   | got iface: hyprland_focus_grab_manager_v1 v1
[LOG]   | got iface: zwp_tablet_manager_v2 v1
[LOG]   | got iface: zwlr_layer_shell_v1 v5
[LOG]   | got iface: wp_presentation v1
[LOG]   | got iface: xdg_wm_base v6
[LOG]   | got iface: zwlr_data_control_manager_v1 v2
[LOG]   | got iface: zwp_primary_selection_device_manager_v1 v1
[LOG]   | got iface: xwayland_shell_v1 v1
[LOG]   | got iface: zwlr_screencopy_manager_v1 v3
[LOG]    > Bound to zwlr_screencopy_manager_v1 v3
[LOG]   | got iface: hyprland_toplevel_export_manager_v1 v2
[LOG]   | got iface: hyprland_toplevel_mapping_manager_v1 v1
[LOG]   | got iface: hyprland_global_shortcuts_manager_v1 v1
[LOG]   | got iface: xdg_wm_dialog_v1 v1
[LOG]   | got iface: wp_single_pixel_buffer_manager_v1 v1
[LOG]   | got iface: wp_security_context_manager_v1 v1
[LOG]   | got iface: hyprland_ctm_control_manager_v1 v2
[LOG]   | got iface: hyprland_surface_manager_v1 v2
[LOG]   | got iface: wp_content_type_manager_v1 v1
[LOG]   | got iface: xdg_toplevel_tag_manager_v1 v1
[LOG]   | got iface: xdg_system_bell_v1 v1
[LOG]   | got iface: wp_color_manager_v1 v1
[LOG]   | got iface: wp_drm_lease_device_v1 v1
[LOG]   | got iface: wp_linux_drm_syncobj_manager_v1 v1
[LOG]   | got iface: wl_drm v2
[LOG]   | got iface: zwp_linux_dmabuf_v1 v5
[LOG]    > Bound to zwp_linux_dmabuf_v1 v5
[LOG]   | got iface: wl_output v4
[LOG]    > Bound to wl_output v4
[LOG] Exposed seat name: Hyprland
[LOG] [core] dmabufFeedbackMainDevice
[LOG] output eDP-2 name eDP-2
[LOG] output 58 description BOE 0x0BC9  (eDP-2)
[LOG] output 58 make BOE model 0x0BC9
[LOG] output 58 done
[LOG] Running on Hyprland
[LOG] Locking session
[LOG] Starting fade in
[LOG] Got fractional scale: 100.0%
[LOG] configure with serial 26303
[LOG] Configuring surface for logical [Vector2D: x: 2560, y: 1600] and pixel [Vector2D: x: 2560, y: 1600]
[LOG] onLockLocked c[LOG] Wayland session got locked
[LOG] Executing 
[LOG] Process Created with pid 321553
[LOG] Idled: rule 560c00186058
[LOG] Running hyprctl dispatch dpms off
[LOG] Executing hyprctl dispatch dpms off
[LOG] Process Created with pid 321806
ok
[LOG] Idled: rule 560c001860a0
[LOG] Running systemctl suspend
[LOG] Executing systemctl suspend
[LOG] Process Created with pid 323090
[LOG] Got PrepareForSleep from dbus with sleep true
[LOG] Releasing the sleep inhibitor!
[LOG] Resumed: rule 560c00186010
[LOG] Ignoring, onRestore is empty.
[LOG] Resumed: rule 560c00186058
[LOG] Running hyprctl dispatch dpms on
[LOG] Executing hyprctl dispatch dpms on
[LOG] Process Created with pid 323217
[LOG] Resumed: rule 560c001860a0
[LOG] Ignoring, onRestore is empty.
[LOG] Got PrepareForSleep from dbus with sleep false
[LOG] Inhibited sleep with fd 11
[LOG] Executing hyprctl dispatch dpms on && (systemctl --user is-active --quiet hyprpanel || systemctl --user start hyprpanel)
[LOG] Process Created with pid 323246
ok
ok
[LOG] Wayland session got unlocked
[LOG] Executing 
[LOG] Process Created with pid 323358
alled
[LOG] Authenticating
[LOG] PAM_PROMPT: Password: 
[LOG] auth: authenticated for hyprlock
[LOG] Unlocking session
[LOG] Unlocked, exiting!
[LOG] Reached the end, exiting
[LOG] Idled: rule 560c00186010
[LOG] Running lock_cmd
[LOG] Executing lock_cmd
[LOG] Process Created with pid 335615
Hyprlock version v0.8.2
[ERR] Config has errors:
Config error in file /home/mason/.config/hypr/hyprlock.conf at line 49: config option <input-field:fail_timeout> does not exist.
Config error in file /home/mason/.config/hypr/hyprlock.conf at line 50: config option <input-field:fail_transition> does not exist.
Proceeding ignoring faulty entries
[LOG]   | got iface: wl_seat v9
[LOG]    > Bound to wl_seat v9
[LOG]   | got iface: wl_data_device_manager v3
[LOG]   | got iface: wl_compositor v6
[LOG]    > Bound to wl_compositor v6
[LOG]   | got iface: wl_subcompositor v1
[LOG]   | got iface: wl_shm v1
[LOG]    > Bound to wl_shm v1
[LOG]   | got iface: wp_viewporter v1
[LOG]    > Bound to wp_viewporter v1
[LOG]   | got iface: wp_tearing_control_manager_v1 v1
[LOG]   | got iface: wp_fractional_scale_manager_v1 v1
[LOG]    > Bound to wp_fractional_scale_manager_v1 v1
[LOG]   | got iface: zxdg_output_manager_v1 v3
[LOG]   | got iface: wp_cursor_shape_manager_v1 v1
[LOG]    > Bound to wp_cursor_shape_manager_v1 v1
[LOG]   | got iface: zwp_idle_inhibit_manager_v1 v1
[LOG]   | got iface: zwp_relative_pointer_manager_v1 v1
[LOG]   | got iface: zxdg_decoration_manager_v1 v1
[LOG]   | got iface: wp_alpha_modifier_v1 v1
[LOG]   | got iface: zwlr_gamma_control_manager_v1 v1
[LOG]   | got iface: ext_foreign_toplevel_list_v1 v1
[LOG]   | got iface: zwp_pointer_gestures_v1 v3
[LOG]   | got iface: zwlr_foreign_toplevel_manager_v1 v3
[LOG]   | got iface: zwp_keyboard_shortcuts_inhibit_manager_v1 v1
[LOG]   | got iface: zwp_text_input_manager_v1 v1
[LOG]   | got iface: zwp_text_input_manager_v3 v1
[LOG]   | got iface: zwp_pointer_constraints_v1 v1
[LOG]   | got iface: zwlr_output_power_manager_v1 v1
[LOG]   | got iface: xdg_activation_v1 v1
[LOG]   | got iface: ext_idle_notifier_v1 v2
[LOG]   | got iface: hyprland_lock_notifier_v1 v1
[LOG]   | got iface: ext_session_lock_manager_v1 v1
[LOG]    > Bound to ext_session_lock_manager_v1 v1
[LOG]   | got iface: zwp_input_method_manager_v2 v1
[LOG]   | got iface: zwp_virtual_keyboard_manager_v1 v1
[LOG]   | got iface: zwlr_virtual_pointer_manager_v1 v2
[LOG]   | got iface: zwlr_output_manager_v1 v4
[LOG]   | got iface: org_kde_kwin_server_decoration_manager v1
[LOG]   | got iface: hyprland_focus_grab_manager_v1 v1
[LOG]   | got iface: zwp_tablet_manager_v2 v1
[LOG]   | got iface: zwlr_layer_shell_v1 v5
[LOG]   | got iface: wp_presentation v1
[LOG]   | got iface: xdg_wm_base v6
[LOG]   | got iface: zwlr_data_control_manager_v1 v2
[LOG]   | got iface: zwp_primary_selection_device_manager_v1 v1
[LOG]   | got iface: xwayland_shell_v1 v1
[LOG]   | got iface: zwlr_screencopy_manager_v1 v3
[LOG]    > Bound to zwlr_screencopy_manager_v1 v3
[LOG]   | got iface: hyprland_toplevel_export_manager_v1 v2
[LOG]   | got iface: hyprland_toplevel_mapping_manager_v1 v1
[LOG]   | got iface: hyprland_global_shortcuts_manager_v1 v1
[LOG]   | got iface: xdg_wm_dialog_v1 v1
[LOG]   | got iface: wp_single_pixel_buffer_manager_v1 v1
[LOG]   | got iface: wp_security_context_manager_v1 v1
[LOG]   | got iface: hyprland_ctm_control_manager_v1 v2
[LOG]   | got iface: hyprland_surface_manager_v1 v2
[LOG]   | got iface: wp_content_type_manager_v1 v1
[LOG]   | got iface: xdg_toplevel_tag_manager_v1 v1
[LOG]   | got iface: xdg_system_bell_v1 v1
[LOG]   | got iface: wp_color_manager_v1 v1
[LOG]   | got iface: wp_drm_lease_device_v1 v1
[LOG]   | got iface: wp_linux_drm_syncobj_manager_v1 v1
[LOG]   | got iface: wl_drm v2
[LOG]   | got iface: zwp_linux_dmabuf_v1 v5
[LOG]    > Bound to zwp_linux_dmabuf_v1 v5
[LOG]   | got iface: wl_output v4
[LOG]    > Bound to wl_output v4
[LOG] Exposed seat name: Hyprland
[LOG] [core] dmabufFeedbackMainDevice
[LOG] output eDP-2 name eDP-2
[LOG] output 58 description BOE 0x0BC9  (eDP-2)
[LOG] output 58 make BOE model 0x0BC9
[LOG] output 58 done
[LOG] Running on Hyprland
[LOG] Locking session
[LOG] Starting fade in
[LOG] Got fractional scale: 100.0%
[LOG] configure with serial 28462
[LOG] Configuring surface for logical [Vector2D: x: 2560, y: 1600] and pixel [Vector2D: x: 2560, y: 1600]
[LOG] onLockLocked c[LOG] Wayland session got locked
[LOG] Executing 
[LOG] Process Created with pid 335641
[LOG] Idled: rule 560c00186058
[LOG] Running hyprctl dispatch dpms off
[LOG] Executing hyprctl dispatch dpms off
[LOG] Process Created with pid 335897
ok
[LOG] Resumed: rule 560c00186010
[LOG] Ignoring, onRestore is empty.
[LOG] Resumed: rule 560c00186058
[LOG] Running hyprctl dispatch dpms on
[LOG] Executing hyprctl dispatch dpms on
[LOG] Process Created with pid 336068
ok
[LOG] Wayland session got unlocked
[LOG] Executing 
[LOG] Process Created with pid 336153
alled
[LOG] Authenticating
[LOG] PAM_PROMPT: Password: 
[LOG] auth: authenticated for hyprlock
[LOG] Unlocking session
[LOG] Unlocked, exiting!
[LOG] Reached the end, exiting
[LOG] Got PrepareForSleep from dbus with sleep true
[LOG] Releasing the sleep inhibitor!
[LOG] Got PrepareForSleep from dbus with sleep false
[LOG] Inhibited sleep with fd 11
[LOG] Executing hyprctl dispatch dpms on && (systemctl --user is-active --quiet hyprpanel || systemctl --user start hyprpanel)
[LOG] Process Created with pid 372877
Couldn't commit output {}
[LOG] Got PrepareForSleep from dbus with sleep true
[LOG] Releasing the sleep inhibitor!
[LOG] Got PrepareForSleep from dbus with sleep false
[LOG] Inhibited sleep with fd 11
[LOG] Executing hyprctl dispatch dpms on && (systemctl --user is-active --quiet hyprpanel || systemctl --user start hyprpanel)
[LOG] Process Created with pid 373121
ok
[LOG] Got PrepareForSleep from dbus with sleep true
[LOG] Releasing the sleep inhibitor!
[LOG] Got PrepareForSleep from dbus with sleep false
[LOG] Inhibited sleep with fd 11
[LOG] Executing hyprctl dispatch dpms on && (systemctl --user is-active --quiet hyprpanel || systemctl --user start hyprpanel)
[LOG] Process Created with pid 373285
ok
[LOG] Idled: rule 560c00186010
[LOG] Running lock_cmd
[LOG] Executing lock_cmd
[LOG] Process Created with pid 427058
Hyprlock version v0.8.2
[ERR] Config has errors:
Config error in file /home/mason/.config/hypr/hyprlock.conf at line 49: config option <input-field:fail_timeout> does not exist.
Config error in file /home/mason/.config/hypr/hyprlock.conf at line 50: config option <input-field:fail_transition> does not exist.
Proceeding ignoring faulty entries
[LOG]   | got iface: wl_seat v9
[LOG]    > Bound to wl_seat v9
[LOG]   | got iface: wl_data_device_manager v3
[LOG]   | got iface: wl_compositor v6
[LOG]    > Bound to wl_compositor v6
[LOG]   | got iface: wl_subcompositor v1
[LOG]   | got iface: wl_shm v1
[LOG]    > Bound to wl_shm v1
[LOG]   | got iface: wp_viewporter v1
[LOG]    > Bound to wp_viewporter v1
[LOG]   | got iface: wp_tearing_control_manager_v1 v1
[LOG]   | got iface: wp_fractional_scale_manager_v1 v1
[LOG]    > Bound to wp_fractional_scale_manager_v1 v1
[LOG]   | got iface: zxdg_output_manager_v1 v3
[LOG]   | got iface: wp_cursor_shape_manager_v1 v1
[LOG]    > Bound to wp_cursor_shape_manager_v1 v1
[LOG]   | got iface: zwp_idle_inhibit_manager_v1 v1
[LOG]   | got iface: zwp_relative_pointer_manager_v1 v1
[LOG]   | got iface: zxdg_decoration_manager_v1 v1
[LOG]   | got iface: wp_alpha_modifier_v1 v1
[LOG]   | got iface: zwlr_gamma_control_manager_v1 v1
[LOG]   | got iface: ext_foreign_toplevel_list_v1 v1
[LOG]   | got iface: zwp_pointer_gestures_v1 v3
[LOG]   | got iface: zwlr_foreign_toplevel_manager_v1 v3
[LOG]   | got iface: zwp_keyboard_shortcuts_inhibit_manager_v1 v1
[LOG]   | got iface: zwp_text_input_manager_v1 v1
[LOG]   | got iface: zwp_text_input_manager_v3 v1
[LOG]   | got iface: zwp_pointer_constraints_v1 v1
[LOG]   | got iface: zwlr_output_power_manager_v1 v1
[LOG]   | got iface: xdg_activation_v1 v1
[LOG]   | got iface: ext_idle_notifier_v1 v2
[LOG]   | got iface: hyprland_lock_notifier_v1 v1
[LOG]   | got iface: ext_session_lock_manager_v1 v1
[LOG]    > Bound to ext_session_lock_manager_v1 v1
[LOG]   | got iface: zwp_input_method_manager_v2 v1
[LOG]   | got iface: zwp_virtual_keyboard_manager_v1 v1
[LOG]   | got iface: zwlr_virtual_pointer_manager_v1 v2
[LOG]   | got iface: zwlr_output_manager_v1 v4
[LOG]   | got iface: org_kde_kwin_server_decoration_manager v1
[LOG]   | got iface: hyprland_focus_grab_manager_v1 v1
[LOG]   | got iface: zwp_tablet_manager_v2 v1
[LOG]   | got iface: zwlr_layer_shell_v1 v5
[LOG]   | got iface: wp_presentation v1
[LOG]   | got iface: xdg_wm_base v6
[LOG]   | got iface: zwlr_data_control_manager_v1 v2
[LOG]   | got iface: zwp_primary_selection_device_manager_v1 v1
[LOG]   | got iface: xwayland_shell_v1 v1
[LOG]   | got iface: zwlr_screencopy_manager_v1 v3
[LOG]    > Bound to zwlr_screencopy_manager_v1 v3
[LOG]   | got iface: hyprland_toplevel_export_manager_v1 v2
[LOG]   | got iface: hyprland_toplevel_mapping_manager_v1 v1
[LOG]   | got iface: hyprland_global_shortcuts_manager_v1 v1
[LOG]   | got iface: xdg_wm_dialog_v1 v1
[LOG]   | got iface: wp_single_pixel_buffer_manager_v1 v1
[LOG]   | got iface: wp_security_context_manager_v1 v1
[LOG]   | got iface: hyprland_ctm_control_manager_v1 v2
[LOG]   | got iface: hyprland_surface_manager_v1 v2
[LOG]   | got iface: wp_content_type_manager_v1 v1
[LOG]   | got iface: xdg_toplevel_tag_manager_v1 v1
[LOG]   | got iface: xdg_system_bell_v1 v1
[LOG]   | got iface: wp_color_manager_v1 v1
[LOG]   | got iface: wp_drm_lease_device_v1 v1
[LOG]   | got iface: wp_linux_drm_syncobj_manager_v1 v1
[LOG]   | got iface: wl_drm v2
[LOG]   | got iface: zwp_linux_dmabuf_v1 v5
[LOG]    > Bound to zwp_linux_dmabuf_v1 v5
[LOG]   | got iface: wl_output v4
[LOG]    > Bound to wl_output v4
[LOG] Exposed seat name: Hyprland
[LOG] [core] dmabufFeedbackMainDevice
[LOG] output eDP-2 name eDP-2
[LOG] output 58 description BOE 0x0BC9  (eDP-2)
[LOG] output 58 make BOE model 0x0BC9
[LOG] output 58 done
[LOG] Running on Hyprland
[LOG] Locking session
[LOG] Starting fade in
[LOG] Got fractional scale: 100.0%
[LOG] configure with serial 38683
[LOG] Configuring surface for logical [Vector2D: x: 2560, y: 1600] and pixel [Vector2D: x: 2560, y: 1600]
[LOG] onLockLocked c[LOG] Wayland session got locked
[LOG] Executing 
[LOG] Process Created with pid 427083
[LOG] Idled: rule 560c00186058
[LOG] Running hyprctl dispatch dpms off
[LOG] Executing hyprctl dispatch dpms off
[LOG] Process Created with pid 427356
ok
[LOG] Resumed: rule 560c00186010
[LOG] Ignoring, onRestore is empty.
[LOG] Resumed: rule 560c00186058
[LOG] Running hyprctl dispatch dpms on
[LOG] Executing hyprctl dispatch dpms on
[LOG] Process Created with pid 428036
ok
[LOG] Wayland session got unlocked
[LOG] Executing 
[LOG] Process Created with pid 428456
alled
[LOG] Authenticating
[LOG] PAM_PROMPT: Password: 
[LOG] auth: authenticated for hyprlock
[LOG] Unlocking session
[LOG] Unlocked, exiting!
[LOG] Reached the end, exiting
[LOG] Idled: rule 560c00186010
[LOG] Running lock_cmd
[LOG] Executing lock_cmd
[LOG] Process Created with pid 438945
Hyprlock version v0.8.2
[ERR] Config has errors:
Config error in file /home/mason/.config/hypr/hyprlock.conf at line 49: config option <input-field:fail_timeout> does not exist.
Config error in file /home/mason/.config/hypr/hyprlock.conf at line 50: config option <input-field:fail_transition> does not exist.
Proceeding ignoring faulty entries
[LOG]   | got iface: wl_seat v9
[LOG]    > Bound to wl_seat v9
[LOG]   | got iface: wl_data_device_manager v3
[LOG]   | got iface: wl_compositor v6
[LOG]    > Bound to wl_compositor v6
[LOG]   | got iface: wl_subcompositor v1
[LOG]   | got iface: wl_shm v1
[LOG]    > Bound to wl_shm v1
[LOG]   | got iface: wp_viewporter v1
[LOG]    > Bound to wp_viewporter v1
[LOG]   | got iface: wp_tearing_control_manager_v1 v1
[LOG]   | got iface: wp_fractional_scale_manager_v1 v1
[LOG]    > Bound to wp_fractional_scale_manager_v1 v1
[LOG]   | got iface: zxdg_output_manager_v1 v3
[LOG]   | got iface: wp_cursor_shape_manager_v1 v1
[LOG]    > Bound to wp_cursor_shape_manager_v1 v1
[LOG]   | got iface: zwp_idle_inhibit_manager_v1 v1
[LOG]   | got iface: zwp_relative_pointer_manager_v1 v1
[LOG]   | got iface: zxdg_decoration_manager_v1 v1
[LOG]   | got iface: wp_alpha_modifier_v1 v1
[LOG]   | got iface: zwlr_gamma_control_manager_v1 v1
[LOG]   | got iface: ext_foreign_toplevel_list_v1 v1
[LOG]   | got iface: zwp_pointer_gestures_v1 v3
[LOG]   | got iface: zwlr_foreign_toplevel_manager_v1 v3
[LOG]   | got iface: zwp_keyboard_shortcuts_inhibit_manager_v1 v1
[LOG]   | got iface: zwp_text_input_manager_v1 v1
[LOG]   | got iface: zwp_text_input_manager_v3 v1
[LOG]   | got iface: zwp_pointer_constraints_v1 v1
[LOG]   | got iface: zwlr_output_power_manager_v1 v1
[LOG]   | got iface: xdg_activation_v1 v1
[LOG]   | got iface: ext_idle_notifier_v1 v2
[LOG]   | got iface: hyprland_lock_notifier_v1 v1
[LOG]   | got iface: ext_session_lock_manager_v1 v1
[LOG]    > Bound to ext_session_lock_manager_v1 v1
[LOG]   | got iface: zwp_input_method_manager_v2 v1
[LOG]   | got iface: zwp_virtual_keyboard_manager_v1 v1
[LOG]   | got iface: zwlr_virtual_pointer_manager_v1 v2
[LOG]   | got iface: zwlr_output_manager_v1 v4
[LOG]   | got iface: org_kde_kwin_server_decoration_manager v1
[LOG]   | got iface: hyprland_focus_grab_manager_v1 v1
[LOG]   | got iface: zwp_tablet_manager_v2 v1
[LOG]   | got iface: zwlr_layer_shell_v1 v5
[LOG]   | got iface: wp_presentation v1
[LOG]   | got iface: xdg_wm_base v6
[LOG]   | got iface: zwlr_data_control_manager_v1 v2
[LOG]   | got iface: zwp_primary_selection_device_manager_v1 v1
[LOG]   | got iface: xwayland_shell_v1 v1
[LOG]   | got iface: zwlr_screencopy_manager_v1 v3
[LOG]    > Bound to zwlr_screencopy_manager_v1 v3
[LOG]   | got iface: hyprland_toplevel_export_manager_v1 v2
[LOG]   | got iface: hyprland_toplevel_mapping_manager_v1 v1
[LOG]   | got iface: hyprland_global_shortcuts_manager_v1 v1
[LOG]   | got iface: xdg_wm_dialog_v1 v1
[LOG]   | got iface: wp_single_pixel_buffer_manager_v1 v1
[LOG]   | got iface: wp_security_context_manager_v1 v1
[LOG]   | got iface: hyprland_ctm_control_manager_v1 v2
[LOG]   | got iface: hyprland_surface_manager_v1 v2
[LOG]   | got iface: wp_content_type_manager_v1 v1
[LOG]   | got iface: xdg_toplevel_tag_manager_v1 v1
[LOG]   | got iface: xdg_system_bell_v1 v1
[LOG]   | got iface: wp_color_manager_v1 v1
[LOG]   | got iface: wp_drm_lease_device_v1 v1
[LOG]   | got iface: wp_linux_drm_syncobj_manager_v1 v1
[LOG]   | got iface: wl_drm v2
[LOG]   | got iface: zwp_linux_dmabuf_v1 v5
[LOG]    > Bound to zwp_linux_dmabuf_v1 v5
[LOG]   | got iface: wl_output v4
[LOG]    > Bound to wl_output v4
[LOG] Exposed seat name: Hyprland
[LOG] [core] dmabufFeedbackMainDevice
[LOG] output eDP-2 name eDP-2
[LOG] output 58 description BOE 0x0BC9  (eDP-2)
[LOG] output 58 make BOE model 0x0BC9
[LOG] output 58 done
[LOG] Running on Hyprland
[LOG] Locking session
[LOG] Starting fade in
[LOG] Got fractional scale: 100.0%
[LOG] configure with serial 39697
[LOG] Configuring surface for logical [Vector2D: x: 2560, y: 1600] and pixel [Vector2D: x: 2560, y: 1600]
[LOG] onLockLocked c[LOG] Wayland session got locked
[LOG] Executing 
[LOG] Process Created with pid 438970
[LOG] Idled: rule 560c00186058
[LOG] Running hyprctl dispatch dpms off
[LOG] Executing hyprctl dispatch dpms off
[LOG] Process Created with pid 439936
ok
[LOG] Resumed: rule 560c00186010
[LOG] Ignoring, onRestore is empty.
[LOG] Resumed: rule 560c00186058
[LOG] Running hyprctl dispatch dpms on
[LOG] Executing hyprctl dispatch dpms on
[LOG] Process Created with pid 440165
ok
[LOG] Wayland session got unlocked
[LOG] Executing 
[LOG] Process Created with pid 440994
alled
[LOG] Authenticating
[LOG] PAM_PROMPT: Password: 
[ERR] auth: Authentication failed for hyprlock
[LOG] Failed attempts: 1
[LOG] Authenticating
[LOG] PAM_PROMPT: Password: 
[ERR] auth: Authentication failed for hyprlock
[LOG] Failed attempts: 2
[LOG] Authenticating
[LOG] PAM_PROMPT: Password: 
[ERR] auth: Authentication failed for hyprlock
[LOG] Failed attempts: 3
[LOG] Clearing password buffer
[LOG] Authenticating
[LOG] PAM_PROMPT: Password: 
[LOG] auth: authenticated for hyprlock
[LOG] Unlocking session
[LOG] Unlocked, exiting!
[LOG] Reached the end, exiting
[LOG] Idled: rule 560c00186010
[LOG] Running lock_cmd
[LOG] Executing lock_cmd
[LOG] Process Created with pid 445527
Hyprlock version v0.8.2
[ERR] Config has errors:
Config error in file /home/mason/.config/hypr/hyprlock.conf at line 49: config option <input-field:fail_timeout> does not exist.
Config error in file /home/mason/.config/hypr/hyprlock.conf at line 50: config option <input-field:fail_transition> does not exist.
Proceeding ignoring faulty entries
[LOG]   | got iface: wl_seat v9
[LOG]    > Bound to wl_seat v9
[LOG]   | got iface: wl_data_device_manager v3
[LOG]   | got iface: wl_compositor v6
[LOG]    > Bound to wl_compositor v6
[LOG]   | got iface: wl_subcompositor v1
[LOG]   | got iface: wl_shm v1
[LOG]    > Bound to wl_shm v1
[LOG]   | got iface: wp_viewporter v1
[LOG]    > Bound to wp_viewporter v1
[LOG]   | got iface: wp_tearing_control_manager_v1 v1
[LOG]   | got iface: wp_fractional_scale_manager_v1 v1
[LOG]    > Bound to wp_fractional_scale_manager_v1 v1
[LOG]   | got iface: zxdg_output_manager_v1 v3
[LOG]   | got iface: wp_cursor_shape_manager_v1 v1
[LOG]    > Bound to wp_cursor_shape_manager_v1 v1
[LOG]   | got iface: zwp_idle_inhibit_manager_v1 v1
[LOG]   | got iface: zwp_relative_pointer_manager_v1 v1
[LOG]   | got iface: zxdg_decoration_manager_v1 v1
[LOG]   | got iface: wp_alpha_modifier_v1 v1
[LOG]   | got iface: zwlr_gamma_control_manager_v1 v1
[LOG]   | got iface: ext_foreign_toplevel_list_v1 v1
[LOG]   | got iface: zwp_pointer_gestures_v1 v3
[LOG]   | got iface: zwlr_foreign_toplevel_manager_v1 v3
[LOG]   | got iface: zwp_keyboard_shortcuts_inhibit_manager_v1 v1
[LOG]   | got iface: zwp_text_input_manager_v1 v1
[LOG]   | got iface: zwp_text_input_manager_v3 v1
[LOG]   | got iface: zwp_pointer_constraints_v1 v1
[LOG]   | got iface: zwlr_output_power_manager_v1 v1
[LOG]   | got iface: xdg_activation_v1 v1
[LOG]   | got iface: ext_idle_notifier_v1 v2
[LOG]   | got iface: hyprland_lock_notifier_v1 v1
[LOG]   | got iface: ext_session_lock_manager_v1 v1
[LOG]    > Bound to ext_session_lock_manager_v1 v1
[LOG]   | got iface: zwp_input_method_manager_v2 v1
[LOG]   | got iface: zwp_virtual_keyboard_manager_v1 v1
[LOG]   | got iface: zwlr_virtual_pointer_manager_v1 v2
[LOG]   | got iface: zwlr_output_manager_v1 v4
[LOG]   | got iface: org_kde_kwin_server_decoration_manager v1
[LOG]   | got iface: hyprland_focus_grab_manager_v1 v1
[LOG]   | got iface: zwp_tablet_manager_v2 v1
[LOG]   | got iface: zwlr_layer_shell_v1 v5
[LOG]   | got iface: wp_presentation v1
[LOG]   | got iface: xdg_wm_base v6
[LOG]   | got iface: zwlr_data_control_manager_v1 v2
[LOG]   | got iface: zwp_primary_selection_device_manager_v1 v1
[LOG]   | got iface: xwayland_shell_v1 v1
[LOG]   | got iface: zwlr_screencopy_manager_v1 v3
[LOG]    > Bound to zwlr_screencopy_manager_v1 v3
[LOG]   | got iface: hyprland_toplevel_export_manager_v1 v2
[LOG]   | got iface: hyprland_toplevel_mapping_manager_v1 v1
[LOG]   | got iface: hyprland_global_shortcuts_manager_v1 v1
[LOG]   | got iface: xdg_wm_dialog_v1 v1
[LOG]   | got iface: wp_single_pixel_buffer_manager_v1 v1
[LOG]   | got iface: wp_security_context_manager_v1 v1
[LOG]   | got iface: hyprland_ctm_control_manager_v1 v2
[LOG]   | got iface: hyprland_surface_manager_v1 v2
[LOG]   | got iface: wp_content_type_manager_v1 v1
[LOG]   | got iface: xdg_toplevel_tag_manager_v1 v1
[LOG]   | got iface: xdg_system_bell_v1 v1
[LOG]   | got iface: wp_color_manager_v1 v1
[LOG]   | got iface: wp_drm_lease_device_v1 v1
[LOG]   | got iface: wp_linux_drm_syncobj_manager_v1 v1
[LOG]   | got iface: wl_drm v2
[LOG]   | got iface: zwp_linux_dmabuf_v1 v5
[LOG]    > Bound to zwp_linux_dmabuf_v1 v5
[LOG]   | got iface: wl_output v4
[LOG]    > Bound to wl_output v4
[LOG] Exposed seat name: Hyprland
[LOG] [core] dmabufFeedbackMainDevice
[LOG] output eDP-2 name eDP-2
[LOG] output 58 description BOE 0x0BC9  (eDP-2)
[LOG] output 58 make BOE model 0x0BC9
[LOG] output 58 done
[LOG] Running on Hyprland
[LOG] Locking session
[LOG] Starting fade in
[LOG] Got fractional scale: 100.0%
[LOG] configure with serial 40170
[LOG] Configuring surface for logical [Vector2D: x: 2560, y: 1600] and pixel [Vector2D: x: 2560, y: 1600]
[LOG] onLockLocked c[LOG] Wayland session got locked
[LOG] Executing 
[LOG] Process Created with pid 445555
[LOG] Resumed: rule 560c00186010
[LOG] Ignoring, onRestore is empty.
[LOG] Wayland session got unlocked
[LOG] Executing 
[LOG] Process Created with pid 445774
alled
[LOG] Authenticating
[LOG] PAM_PROMPT: Password: 
[LOG] auth: authenticated for hyprlock
[LOG] Unlocking session
[LOG] Unlocked, exiting!
[LOG] Reached the end, exiting
[LOG] systemd idle inhibit active
[LOG] Inhibit locks: 1
[LOG] systemd idle inhibit inactive
[LOG] Inhibit locks: 0
[LOG] Idled: rule 560c00186010
[LOG] Running lock_cmd
[LOG] Executing lock_cmd
[LOG] Process Created with pid 541123
Hyprlock version v0.8.2
[ERR] Config has errors:
Config error in file /home/mason/.config/hypr/hyprlock.conf at line 49: config option <input-field:fail_timeout> does not exist.
Config error in file /home/mason/.config/hypr/hyprlock.conf at line 50: config option <input-field:fail_transition> does not exist.
Proceeding ignoring faulty entries
[LOG]   | got iface: wl_seat v9
[LOG]    > Bound to wl_seat v9
[LOG]   | got iface: wl_data_device_manager v3
[LOG]   | got iface: wl_compositor v6
[LOG]    > Bound to wl_compositor v6
[LOG]   | got iface: wl_subcompositor v1
[LOG]   | got iface: wl_shm v1
[LOG]    > Bound to wl_shm v1
[LOG]   | got iface: wp_viewporter v1
[LOG]    > Bound to wp_viewporter v1
[LOG]   | got iface: wp_tearing_control_manager_v1 v1
[LOG]   | got iface: wp_fractional_scale_manager_v1 v1
[LOG]    > Bound to wp_fractional_scale_manager_v1 v1
[LOG]   | got iface: zxdg_output_manager_v1 v3
[LOG]   | got iface: wp_cursor_shape_manager_v1 v1
[LOG]    > Bound to wp_cursor_shape_manager_v1 v1
[LOG]   | got iface: zwp_idle_inhibit_manager_v1 v1
[LOG]   | got iface: zwp_relative_pointer_manager_v1 v1
[LOG]   | got iface: zxdg_decoration_manager_v1 v1
[LOG]   | got iface: wp_alpha_modifier_v1 v1
[LOG]   | got iface: zwlr_gamma_control_manager_v1 v1
[LOG]   | got iface: ext_foreign_toplevel_list_v1 v1
[LOG]   | got iface: zwp_pointer_gestures_v1 v3
[LOG]   | got iface: zwlr_foreign_toplevel_manager_v1 v3
[LOG]   | got iface: zwp_keyboard_shortcuts_inhibit_manager_v1 v1
[LOG]   | got iface: zwp_text_input_manager_v1 v1
[LOG]   | got iface: zwp_text_input_manager_v3 v1
[LOG]   | got iface: zwp_pointer_constraints_v1 v1
[LOG]   | got iface: zwlr_output_power_manager_v1 v1
[LOG]   | got iface: xdg_activation_v1 v1
[LOG]   | got iface: ext_idle_notifier_v1 v2
[LOG]   | got iface: hyprland_lock_notifier_v1 v1
[LOG]   | got iface: ext_session_lock_manager_v1 v1
[LOG]    > Bound to ext_session_lock_manager_v1 v1
[LOG]   | got iface: zwp_input_method_manager_v2 v1
[LOG]   | got iface: zwp_virtual_keyboard_manager_v1 v1
[LOG]   | got iface: zwlr_virtual_pointer_manager_v1 v2
[LOG]   | got iface: zwlr_output_manager_v1 v4
[LOG]   | got iface: org_kde_kwin_server_decoration_manager v1
[LOG]   | got iface: hyprland_focus_grab_manager_v1 v1
[LOG]   | got iface: zwp_tablet_manager_v2 v1
[LOG]   | got iface: zwlr_layer_shell_v1 v5
[LOG]   | got iface: wp_presentation v1
[LOG]   | got iface: xdg_wm_base v6
[LOG]   | got iface: zwlr_data_control_manager_v1 v2
[LOG]   | got iface: zwp_primary_selection_device_manager_v1 v1
[LOG]   | got iface: xwayland_shell_v1 v1
[LOG]   | got iface: zwlr_screencopy_manager_v1 v3
[LOG]    > Bound to zwlr_screencopy_manager_v1 v3
[LOG]   | got iface: hyprland_toplevel_export_manager_v1 v2
[LOG]   | got iface: hyprland_toplevel_mapping_manager_v1 v1
[LOG]   | got iface: hyprland_global_shortcuts_manager_v1 v1
[LOG]   | got iface: xdg_wm_dialog_v1 v1
[LOG]   | got iface: wp_single_pixel_buffer_manager_v1 v1
[LOG]   | got iface: wp_security_context_manager_v1 v1
[LOG]   | got iface: hyprland_ctm_control_manager_v1 v2
[LOG]   | got iface: hyprland_surface_manager_v1 v2
[LOG]   | got iface: wp_content_type_manager_v1 v1
[LOG]   | got iface: xdg_toplevel_tag_manager_v1 v1
[LOG]   | got iface: xdg_system_bell_v1 v1
[LOG]   | got iface: wp_color_manager_v1 v1
[LOG]   | got iface: wp_drm_lease_device_v1 v1
[LOG]   | got iface: wp_linux_drm_syncobj_manager_v1 v1
[LOG]   | got iface: wl_drm v2
[LOG]   | got iface: zwp_linux_dmabuf_v1 v5
[LOG]    > Bound to zwp_linux_dmabuf_v1 v5
[LOG]   | got iface: wl_output v4
[LOG]    > Bound to wl_output v4
[LOG] Exposed seat name: Hyprland
[LOG] [core] dmabufFeedbackMainDevice
[LOG] output eDP-2 name eDP-2
[LOG] output 58 description BOE 0x0BC9  (eDP-2)
[LOG] output 58 make BOE model 0x0BC9
[LOG] output 58 done
[LOG] Running on Hyprland
[LOG] Locking session
[LOG] Starting fade in
[LOG] Got fractional scale: 100.0%
[LOG] configure with serial 55122
[LOG] Configuring surface for logical [Vector2D: x: 2560, y: 1600] and pixel [Vector2D: x: 2560, y: 1600]
[LOG] onLockLocked c[LOG] Wayland session got locked
[LOG] Executing 
[LOG] Process Created with pid 541151
[LOG] Resumed: rule 560c00186010
[LOG] Ignoring, onRestore is empty.
[LOG] Wayland session got unlocked
[LOG] Executing 
[LOG] Process Created with pid 541213
alled
[LOG] Authenticating
[LOG] PAM_PROMPT: Password: 
[LOG] auth: authenticated for hyprlock
[LOG] Unlocking session
[LOG] Unlocked, exiting!
[LOG] Reached the end, exiting
[LOG] Idled: rule 560c00186010
[LOG] Running lock_cmd
[LOG] Executing lock_cmd
[LOG] Process Created with pid 561042
Hyprlock version v0.8.2
[ERR] Config has errors:
Config error in file /home/mason/.config/hypr/hyprlock.conf at line 49: config option <input-field:fail_timeout> does not exist.
Config error in file /home/mason/.config/hypr/hyprlock.conf at line 50: config option <input-field:fail_transition> does not exist.
Proceeding ignoring faulty entries
[LOG]   | got iface: wl_seat v9
[LOG]    > Bound to wl_seat v9
[LOG]   | got iface: wl_data_device_manager v3
[LOG]   | got iface: wl_compositor v6
[LOG]    > Bound to wl_compositor v6
[LOG]   | got iface: wl_subcompositor v1
[LOG]   | got iface: wl_shm v1
[LOG]    > Bound to wl_shm v1
[LOG]   | got iface: wp_viewporter v1
[LOG]    > Bound to wp_viewporter v1
[LOG]   | got iface: wp_tearing_control_manager_v1 v1
[LOG]   | got iface: wp_fractional_scale_manager_v1 v1
[LOG]    > Bound to wp_fractional_scale_manager_v1 v1
[LOG]   | got iface: zxdg_output_manager_v1 v3
[LOG]   | got iface: wp_cursor_shape_manager_v1 v1
[LOG]    > Bound to wp_cursor_shape_manager_v1 v1
[LOG]   | got iface: zwp_idle_inhibit_manager_v1 v1
[LOG]   | got iface: zwp_relative_pointer_manager_v1 v1
[LOG]   | got iface: zxdg_decoration_manager_v1 v1
[LOG]   | got iface: wp_alpha_modifier_v1 v1
[LOG]   | got iface: zwlr_gamma_control_manager_v1 v1
[LOG]   | got iface: ext_foreign_toplevel_list_v1 v1
[LOG]   | got iface: zwp_pointer_gestures_v1 v3
[LOG]   | got iface: zwlr_foreign_toplevel_manager_v1 v3
[LOG]   | got iface: zwp_keyboard_shortcuts_inhibit_manager_v1 v1
[LOG]   | got iface: zwp_text_input_manager_v1 v1
[LOG]   | got iface: zwp_text_input_manager_v3 v1
[LOG]   | got iface: zwp_pointer_constraints_v1 v1
[LOG]   | got iface: zwlr_output_power_manager_v1 v1
[LOG]   | got iface: xdg_activation_v1 v1
[LOG]   | got iface: ext_idle_notifier_v1 v2
[LOG]   | got iface: hyprland_lock_notifier_v1 v1
[LOG]   | got iface: ext_session_lock_manager_v1 v1
[LOG]    > Bound to ext_session_lock_manager_v1 v1
[LOG]   | got iface: zwp_input_method_manager_v2 v1
[LOG]   | got iface: zwp_virtual_keyboard_manager_v1 v1
[LOG]   | got iface: zwlr_virtual_pointer_manager_v1 v2
[LOG]   | got iface: zwlr_output_manager_v1 v4
[LOG]   | got iface: org_kde_kwin_server_decoration_manager v1
[LOG]   | got iface: hyprland_focus_grab_manager_v1 v1
[LOG]   | got iface: zwp_tablet_manager_v2 v1
[LOG]   | got iface: zwlr_layer_shell_v1 v5
[LOG]   | got iface: wp_presentation v1
[LOG]   | got iface: xdg_wm_base v6
[LOG]   | got iface: zwlr_data_control_manager_v1 v2
[LOG]   | got iface: zwp_primary_selection_device_manager_v1 v1
[LOG]   | got iface: xwayland_shell_v1 v1
[LOG]   | got iface: zwlr_screencopy_manager_v1 v3
[LOG]    > Bound to zwlr_screencopy_manager_v1 v3
[LOG]   | got iface: hyprland_toplevel_export_manager_v1 v2
[LOG]   | got iface: hyprland_toplevel_mapping_manager_v1 v1
[LOG]   | got iface: hyprland_global_shortcuts_manager_v1 v1
[LOG]   | got iface: xdg_wm_dialog_v1 v1
[LOG]   | got iface: wp_single_pixel_buffer_manager_v1 v1
[LOG]   | got iface: wp_security_context_manager_v1 v1
[LOG]   | got iface: hyprland_ctm_control_manager_v1 v2
[LOG]   | got iface: hyprland_surface_manager_v1 v2
[LOG]   | got iface: wp_content_type_manager_v1 v1
[LOG]   | got iface: xdg_toplevel_tag_manager_v1 v1
[LOG]   | got iface: xdg_system_bell_v1 v1
[LOG]   | got iface: wp_color_manager_v1 v1
[LOG]   | got iface: wp_drm_lease_device_v1 v1
[LOG]   | got iface: wp_linux_drm_syncobj_manager_v1 v1
[LOG]   | got iface: wl_drm v2
[LOG]   | got iface: zwp_linux_dmabuf_v1 v5
[LOG]    > Bound to zwp_linux_dmabuf_v1 v5
[LOG]   | got iface: wl_output v4
[LOG]    > Bound to wl_output v4
[LOG] Exposed seat name: Hyprland
[LOG] [core] dmabufFeedbackMainDevice
[LOG] output eDP-2 name eDP-2
[LOG] output 58 description BOE 0x0BC9  (eDP-2)
[LOG] output 58 make BOE model 0x0BC9
[LOG] output 58 done
[LOG] Running on Hyprland
[LOG] Locking session
[LOG] Starting fade in
[LOG] Got fractional scale: 100.0%
[LOG] configure with serial 57743
[LOG] Configuring surface for logical [Vector2D: x: 2560, y: 1600] and pixel [Vector2D: x: 2560, y: 1600]
[LOG] onLockLocked c[LOG] Wayland session got locked
[LOG] Executing 
[LOG] Process Created with pid 561069
[LOG] Idled: rule 560c00186058
[LOG] Running hyprctl dispatch dpms off
[LOG] Executing hyprctl dispatch dpms off
[LOG] Process Created with pid 561329
ok
[LOG] Idled: rule 560c001860a0
[LOG] Running systemctl suspend
[LOG] Executing systemctl suspend
[LOG] Process Created with pid 562712
[LOG] Got PrepareForSleep from dbus with sleep true
[LOG] Releasing the sleep inhibitor!
[LOG] Resumed: rule 560c00186010
[LOG] Ignoring, onRestore is empty.
[LOG] Resumed: rule 560c00186058
[LOG] Running hyprctl dispatch dpms on
[LOG] Executing hyprctl dispatch dpms on
[LOG] Process Created with pid 562839
[LOG] Resumed: rule 560c001860a0
[LOG] Ignoring, onRestore is empty.
[LOG] Got PrepareForSleep from dbus with sleep false
[LOG] Inhibited sleep with fd 11
[LOG] Executing hyprctl dispatch dpms on && (systemctl --user is-active --quiet hyprpanel || systemctl --user start hyprpanel)
[LOG] Process Created with pid 562876
ok
ok
[LOG] Wayland session got unlocked
[LOG] Executing 
[LOG] Process Created with pid 563003
alled
[LOG] Authenticating
[LOG] PAM_PROMPT: Password: 
[LOG] auth: authenticated for hyprlock
[LOG] Unlocking session
[LOG] Unlocked, exiting!
[LOG] Reached the end, exiting
[LOG] Got PrepareForSleep from dbus with sleep true
[LOG] Releasing the sleep inhibitor!
[LOG] Got PrepareForSleep from dbus with sleep false
[LOG] Inhibited sleep with fd 11
[LOG] Executing hyprctl dispatch dpms on && (systemctl --user is-active --quiet hyprpanel || systemctl --user start hyprpanel)
[LOG] Process Created with pid 794442
ok
[LOG] Got PrepareForSleep from dbus with sleep true
[LOG] Releasing the sleep inhibitor!
[LOG] Got PrepareForSleep from dbus with sleep false
[LOG] Inhibited sleep with fd 11
[LOG] Executing hyprctl dispatch dpms on && (systemctl --user is-active --quiet hyprpanel || systemctl --user start hyprpanel)
[LOG] Process Created with pid 794704
ok
[LOG] Idled: rule 560c00186010
[LOG] Running lock_cmd
[LOG] Executing lock_cmd
[LOG] Process Created with pid 799345
Hyprlock version v0.8.2
[ERR] Config has errors:
Config error in file /home/mason/.config/hypr/hyprlock.conf at line 49: config option <input-field:fail_timeout> does not exist.
Config error in file /home/mason/.config/hypr/hyprlock.conf at line 50: config option <input-field:fail_transition> does not exist.
Proceeding ignoring faulty entries
[LOG]   | got iface: wl_seat v9
[LOG]    > Bound to wl_seat v9
[LOG]   | got iface: wl_data_device_manager v3
[LOG]   | got iface: wl_compositor v6
[LOG]    > Bound to wl_compositor v6
[LOG]   | got iface: wl_subcompositor v1
[LOG]   | got iface: wl_shm v1
[LOG]    > Bound to wl_shm v1
[LOG]   | got iface: wp_viewporter v1
[LOG]    > Bound to wp_viewporter v1
[LOG]   | got iface: wp_tearing_control_manager_v1 v1
[LOG]   | got iface: wp_fractional_scale_manager_v1 v1
[LOG]    > Bound to wp_fractional_scale_manager_v1 v1
[LOG]   | got iface: zxdg_output_manager_v1 v3
[LOG]   | got iface: wp_cursor_shape_manager_v1 v1
[LOG]    > Bound to wp_cursor_shape_manager_v1 v1
[LOG]   | got iface: zwp_idle_inhibit_manager_v1 v1
[LOG]   | got iface: zwp_relative_pointer_manager_v1 v1
[LOG]   | got iface: zxdg_decoration_manager_v1 v1
[LOG]   | got iface: wp_alpha_modifier_v1 v1
[LOG]   | got iface: zwlr_gamma_control_manager_v1 v1
[LOG]   | got iface: ext_foreign_toplevel_list_v1 v1
[LOG]   | got iface: zwp_pointer_gestures_v1 v3
[LOG]   | got iface: zwlr_foreign_toplevel_manager_v1 v3
[LOG]   | got iface: zwp_keyboard_shortcuts_inhibit_manager_v1 v1
[LOG]   | got iface: zwp_text_input_manager_v1 v1
[LOG]   | got iface: zwp_text_input_manager_v3 v1
[LOG]   | got iface: zwp_pointer_constraints_v1 v1
[LOG]   | got iface: zwlr_output_power_manager_v1 v1
[LOG]   | got iface: xdg_activation_v1 v1
[LOG]   | got iface: ext_idle_notifier_v1 v2
[LOG]   | got iface: hyprland_lock_notifier_v1 v1
[LOG]   | got iface: ext_session_lock_manager_v1 v1
[LOG]    > Bound to ext_session_lock_manager_v1 v1
[LOG]   | got iface: zwp_input_method_manager_v2 v1
[LOG]   | got iface: zwp_virtual_keyboard_manager_v1 v1
[LOG]   | got iface: zwlr_virtual_pointer_manager_v1 v2
[LOG]   | got iface: zwlr_output_manager_v1 v4
[LOG]   | got iface: org_kde_kwin_server_decoration_manager v1
[LOG]   | got iface: hyprland_focus_grab_manager_v1 v1
[LOG]   | got iface: zwp_tablet_manager_v2 v1
[LOG]   | got iface: zwlr_layer_shell_v1 v5
[LOG]   | got iface: wp_presentation v1
[LOG]   | got iface: xdg_wm_base v6
[LOG]   | got iface: zwlr_data_control_manager_v1 v2
[LOG]   | got iface: zwp_primary_selection_device_manager_v1 v1
[LOG]   | got iface: xwayland_shell_v1 v1
[LOG]   | got iface: zwlr_screencopy_manager_v1 v3
[LOG]    > Bound to zwlr_screencopy_manager_v1 v3
[LOG]   | got iface: hyprland_toplevel_export_manager_v1 v2
[LOG]   | got iface: hyprland_toplevel_mapping_manager_v1 v1
[LOG]   | got iface: hyprland_global_shortcuts_manager_v1 v1
[LOG]   | got iface: xdg_wm_dialog_v1 v1
[LOG]   | got iface: wp_single_pixel_buffer_manager_v1 v1
[LOG]   | got iface: wp_security_context_manager_v1 v1
[LOG]   | got iface: hyprland_ctm_control_manager_v1 v2
[LOG]   | got iface: hyprland_surface_manager_v1 v2
[LOG]   | got iface: wp_content_type_manager_v1 v1
[LOG]   | got iface: xdg_toplevel_tag_manager_v1 v1
[LOG]   | got iface: xdg_system_bell_v1 v1
[LOG]   | got iface: wp_color_manager_v1 v1
[LOG]   | got iface: wp_drm_lease_device_v1 v1
[LOG]   | got iface: wp_linux_drm_syncobj_manager_v1 v1
[LOG]   | got iface: wl_drm v2
[LOG]   | got iface: zwp_linux_dmabuf_v1 v5
[LOG]    > Bound to zwp_linux_dmabuf_v1 v5
[LOG]   | got iface: wl_output v4
[LOG]    > Bound to wl_output v4
[LOG] Exposed seat name: Hyprland
[LOG] [core] dmabufFeedbackMainDevice
[LOG] output eDP-2 name eDP-2
[LOG] output 58 description BOE 0x0BC9  (eDP-2)
[LOG] output 58 make BOE model 0x0BC9
[LOG] output 58 done
[LOG] Running on Hyprland
[LOG] Locking session
[LOG] Starting fade in
[LOG] Got fractional scale: 100.0%
[LOG] configure with serial 70430
[LOG] Configuring surface for logical [Vector2D: x: 2560, y: 1600] and pixel [Vector2D: x: 2560, y: 1600]
[LOG] onLockLocked c[LOG] Wayland session got locked
[LOG] Executing 
[LOG] Process Created with pid 799370
[LOG] Idled: rule 560c00186058
[LOG] Running hyprctl dispatch dpms off
[LOG] Executing hyprctl dispatch dpms off
[LOG] Process Created with pid 799634
ok
[LOG] Idled: rule 560c001860a0
[LOG] Running systemctl suspend
[LOG] Executing systemctl suspend
[LOG] Process Created with pid 800924
[LOG] Got PrepareForSleep from dbus with sleep true
[LOG] Releasing the sleep inhibitor!
[LOG] Resumed: rule 560c00186010
[LOG] Ignoring, onRestore is empty.
[LOG] Resumed: rule 560c00186058
[LOG] Running hyprctl dispatch dpms on
[LOG] Executing hyprctl dispatch dpms on
[LOG] Process Created with pid 801044
[LOG] Resumed: rule 560c001860a0
[LOG] Ignoring, onRestore is empty.
[LOG] Got PrepareForSleep from dbus with sleep false
[LOG] Inhibited sleep with fd 11
[LOG] Executing hyprctl dispatch dpms on && (systemctl --user is-active --quiet hyprpanel || systemctl --user start hyprpanel)
[LOG] Process Created with pid 801063
ok
ok
[LOG] Idled: rule 560c00186010
[LOG] Running lock_cmd
[LOG] Executing lock_cmd
[LOG] Process Created with pid 801922
Hyprlock version v0.8.2
[ERR] Config has errors:
Config error in file /home/mason/.config/hypr/hyprlock.conf at line 49: config option <input-field:fail_timeout> does not exist.
Config error in file /home/mason/.config/hypr/hyprlock.conf at line 50: config option <input-field:fail_transition> does not exist.
Proceeding ignoring faulty entries
[LOG]   | got iface: wl_seat v9
[LOG]    > Bound to wl_seat v9
[LOG]   | got iface: wl_data_device_manager v3
[LOG]   | got iface: wl_compositor v6
[LOG]    > Bound to wl_compositor v6
[LOG]   | got iface: wl_subcompositor v1
[LOG]   | got iface: wl_shm v1
[LOG]    > Bound to wl_shm v1
[LOG]   | got iface: wp_viewporter v1
[LOG]    > Bound to wp_viewporter v1
[LOG]   | got iface: wp_tearing_control_manager_v1 v1
[LOG]   | got iface: wp_fractional_scale_manager_v1 v1
[LOG]    > Bound to wp_fractional_scale_manager_v1 v1
[LOG]   | got iface: zxdg_output_manager_v1 v3
[LOG]   | got iface: wp_cursor_shape_manager_v1 v1
[LOG]    > Bound to wp_cursor_shape_manager_v1 v1
[LOG]   | got iface: zwp_idle_inhibit_manager_v1 v1
[LOG]   | got iface: zwp_relative_pointer_manager_v1 v1
[LOG]   | got iface: zxdg_decoration_manager_v1 v1
[LOG]   | got iface: wp_alpha_modifier_v1 v1
[LOG]   | got iface: zwlr_gamma_control_manager_v1 v1
[LOG]   | got iface: ext_foreign_toplevel_list_v1 v1
[LOG]   | got iface: zwp_pointer_gestures_v1 v3
[LOG]   | got iface: zwlr_foreign_toplevel_manager_v1 v3
[LOG]   | got iface: zwp_keyboard_shortcuts_inhibit_manager_v1 v1
[LOG]   | got iface: zwp_text_input_manager_v1 v1
[LOG]   | got iface: zwp_text_input_manager_v3 v1
[LOG]   | got iface: zwp_pointer_constraints_v1 v1
[LOG]   | got iface: zwlr_output_power_manager_v1 v1
[LOG]   | got iface: xdg_activation_v1 v1
[LOG]   | got iface: ext_idle_notifier_v1 v2
[LOG]   | got iface: hyprland_lock_notifier_v1 v1
[LOG]   | got iface: ext_session_lock_manager_v1 v1
[LOG]    > Bound to ext_session_lock_manager_v1 v1
[LOG]   | got iface: zwp_input_method_manager_v2 v1
[LOG]   | got iface: zwp_virtual_keyboard_manager_v1 v1
[LOG]   | got iface: zwlr_virtual_pointer_manager_v1 v2
[LOG]   | got iface: zwlr_output_manager_v1 v4
[LOG]   | got iface: org_kde_kwin_server_decoration_manager v1
[LOG]   | got iface: hyprland_focus_grab_manager_v1 v1
[LOG]   | got iface: zwp_tablet_manager_v2 v1
[LOG]   | got iface: zwlr_layer_shell_v1 v5
[LOG]   | got iface: wp_presentation v1
[LOG]   | got iface: xdg_wm_base v6
[LOG]   | got iface: zwlr_data_control_manager_v1 v2
[LOG]   | got iface: zwp_primary_selection_device_manager_v1 v1
[LOG]   | got iface: xwayland_shell_v1 v1
[LOG]   | got iface: zwlr_screencopy_manager_v1 v3
[LOG]    > Bound to zwlr_screencopy_manager_v1 v3
[LOG]   | got iface: hyprland_toplevel_export_manager_v1 v2
[LOG]   | got iface: hyprland_toplevel_mapping_manager_v1 v1
[LOG]   | got iface: hyprland_global_shortcuts_manager_v1 v1
[LOG]   | got iface: xdg_wm_dialog_v1 v1
[LOG]   | got iface: wp_single_pixel_buffer_manager_v1 v1
[LOG]   | got iface: wp_security_context_manager_v1 v1
[LOG]   | got iface: hyprland_ctm_control_manager_v1 v2
[LOG]   | got iface: hyprland_surface_manager_v1 v2
[LOG]   | got iface: wp_content_type_manager_v1 v1
[LOG]   | got iface: xdg_toplevel_tag_manager_v1 v1
[LOG]   | got iface: xdg_system_bell_v1 v1
[LOG]   | got iface: wp_color_manager_v1 v1
[LOG]   | got iface: wp_drm_lease_device_v1 v1
[LOG]   | got iface: wp_linux_drm_syncobj_manager_v1 v1
[LOG]   | got iface: wl_drm v2
[LOG]   | got iface: zwp_linux_dmabuf_v1 v5
[LOG]    > Bound to zwp_linux_dmabuf_v1 v5
[LOG]   | got iface: wl_output v4
[LOG]    > Bound to wl_output v4
[LOG] Exposed seat name: Hyprland
[LOG] [core] dmabufFeedbackMainDevice
[LOG] output eDP-2 name eDP-2
[LOG] output 58 description BOE 0x0BC9  (eDP-2)
[LOG] output 58 make BOE model 0x0BC9
[LOG] output 58 done
[LOG] Running on Hyprland
[LOG] Locking session
[LOG] onLockFinished called. Seems we got yeeten. Is another lockscreen running?
[LOG] Idled: rule 560c00186058
[LOG] Running hyprctl dispatch dpms off
[LOG] Executing hyprctl dispatch dpms off
[LOG] Process Created with pid 802200
ok
[LOG] Idled: rule 560c001860a0
[LOG] Running systemctl suspend
[LOG] Executing systemctl suspend
[LOG] Process Created with pid 803475
[LOG] Got PrepareForSleep from dbus with sleep true
[LOG] Releasing the sleep inhibitor!
[LOG] Got PrepareForSleep from dbus with sleep false
[LOG] Inhibited sleep with fd 11
[LOG] Executing hyprctl dispatch dpms on && (systemctl --user is-active --quiet hyprpanel || systemctl --user start hyprpanel)
[LOG] Process Created with pid 803653
[LOG] Resumed: rule 560c00186010
[LOG] Ignoring, onRestore is empty.
[LOG] Resumed: rule 560c00186058
[LOG] Running hyprctl dispatch dpms on
[LOG] Executing hyprctl dispatch dpms on
[LOG] Process Created with pid 803655
[LOG] Resumed: rule 560c001860a0
[LOG] Ignoring, onRestore is empty.
[LOG]   | got iface: wl_output v4
[LOG]   | got iface: wl_output v4
Couldn't commit output {}
Couldn't commit output {}
[LOG] Idled: rule 560c00186010
[LOG] Running lock_cmd
[LOG] Executing lock_cmd
[LOG] Process Created with pid 805036
Hyprlock version v0.8.2
[ERR] Config has errors:
Config error in file /home/mason/.config/hypr/hyprlock.conf at line 49: config option <input-field:fail_timeout> does not exist.
Config error in file /home/mason/.config/hypr/hyprlock.conf at line 50: config option <input-field:fail_transition> does not exist.
Proceeding ignoring faulty entries
[LOG]   | got iface: wl_seat v9
[LOG]    > Bound to wl_seat v9
[LOG]   | got iface: wl_data_device_manager v3
[LOG]   | got iface: wl_compositor v6
[LOG]    > Bound to wl_compositor v6
[LOG]   | got iface: wl_subcompositor v1
[LOG]   | got iface: wl_shm v1
[LOG]    > Bound to wl_shm v1
[LOG]   | got iface: wp_viewporter v1
[LOG]    > Bound to wp_viewporter v1
[LOG]   | got iface: wp_tearing_control_manager_v1 v1
[LOG]   | got iface: wp_fractional_scale_manager_v1 v1
[LOG]    > Bound to wp_fractional_scale_manager_v1 v1
[LOG]   | got iface: zxdg_output_manager_v1 v3
[LOG]   | got iface: wp_cursor_shape_manager_v1 v1
[LOG]    > Bound to wp_cursor_shape_manager_v1 v1
[LOG]   | got iface: zwp_idle_inhibit_manager_v1 v1
[LOG]   | got iface: zwp_relative_pointer_manager_v1 v1
[LOG]   | got iface: zxdg_decoration_manager_v1 v1
[LOG]   | got iface: wp_alpha_modifier_v1 v1
[LOG]   | got iface: zwlr_gamma_control_manager_v1 v1
[LOG]   | got iface: ext_foreign_toplevel_list_v1 v1
[LOG]   | got iface: zwp_pointer_gestures_v1 v3
[LOG]   | got iface: zwlr_foreign_toplevel_manager_v1 v3
[LOG]   | got iface: zwp_keyboard_shortcuts_inhibit_manager_v1 v1
[LOG]   | got iface: zwp_text_input_manager_v1 v1
[LOG]   | got iface: zwp_text_input_manager_v3 v1
[LOG]   | got iface: zwp_pointer_constraints_v1 v1
[LOG]   | got iface: zwlr_output_power_manager_v1 v1
[LOG]   | got iface: xdg_activation_v1 v1
[LOG]   | got iface: ext_idle_notifier_v1 v2
[LOG]   | got iface: hyprland_lock_notifier_v1 v1
[LOG]   | got iface: ext_session_lock_manager_v1 v1
[LOG]    > Bound to ext_session_lock_manager_v1 v1
[LOG]   | got iface: zwp_input_method_manager_v2 v1
[LOG]   | got iface: zwp_virtual_keyboard_manager_v1 v1
[LOG]   | got iface: zwlr_virtual_pointer_manager_v1 v2
[LOG]   | got iface: zwlr_output_manager_v1 v4
[LOG]   | got iface: org_kde_kwin_server_decoration_manager v1
[LOG]   | got iface: hyprland_focus_grab_manager_v1 v1
[LOG]   | got iface: zwp_tablet_manager_v2 v1
[LOG]   | got iface: zwlr_layer_shell_v1 v5
[LOG]   | got iface: wp_presentation v1
[LOG]   | got iface: xdg_wm_base v6
[LOG]   | got iface: zwlr_data_control_manager_v1 v2
[LOG]   | got iface: zwp_primary_selection_device_manager_v1 v1
[LOG]   | got iface: xwayland_shell_v1 v1
[LOG]   | got iface: zwlr_screencopy_manager_v1 v3
[LOG]    > Bound to zwlr_screencopy_manager_v1 v3
[LOG]   | got iface: hyprland_toplevel_export_manager_v1 v2
[LOG]   | got iface: hyprland_toplevel_mapping_manager_v1 v1
[LOG]   | got iface: hyprland_global_shortcuts_manager_v1 v1
[LOG]   | got iface: xdg_wm_dialog_v1 v1
[LOG]   | got iface: wp_single_pixel_buffer_manager_v1 v1
[LOG]   | got iface: wp_security_context_manager_v1 v1
[LOG]   | got iface: hyprland_ctm_control_manager_v1 v2
[LOG]   | got iface: hyprland_surface_manager_v1 v2
[LOG]   | got iface: wp_content_type_manager_v1 v1
[LOG]   | got iface: xdg_toplevel_tag_manager_v1 v1
[LOG]   | got iface: xdg_system_bell_v1 v1
[LOG]   | got iface: wp_color_manager_v1 v1
[LOG]   | got iface: wp_drm_lease_device_v1 v1
[LOG]   | got iface: wp_linux_drm_syncobj_manager_v1 v1
[LOG]   | got iface: wl_drm v2
[LOG]   | got iface: zwp_linux_dmabuf_v1 v5
[LOG]    > Bound to zwp_linux_dmabuf_v1 v5
[LOG]   | got iface: wl_output v4
[LOG]    > Bound to wl_output v4
[LOG]   | got iface: wl_output v4
[LOG]    > Bound to wl_output v4
[LOG]   | got iface: wl_output v4
[LOG]    > Bound to wl_output v4
[LOG] Exposed seat name: Hyprland
[LOG] [core] dmabufFeedbackMainDevice
[LOG] output eDP-2 name eDP-2
[LOG] output 58 description BOE 0x0BC9  (eDP-2)
[LOG] output 58 make BOE model 0x0BC9
[LOG] output 58 done
[LOG] output DP-4 name DP-4
[LOG] output 59 description Dell Inc. DELL S2721QS 6VSGM43 (DP-4)
[LOG] output 59 make Dell Inc. model DELL S2721QS
[LOG] output 59 done
[LOG] output DP-5 name DP-5
[LOG] output 60 description Dell Inc. DELL S3422DWG HSRTS63 (DP-5)
[LOG] output 60 make Dell Inc. model DELL S3422DWG
[LOG] output 60 done
[LOG] Running on Hyprland
[LOG] Locking session
[LOG] onLockFinished called. Seems we got yeeten. Is another lockscreen running?
[LOG] Idled: rule 560c00186058
[LOG] Running hyprctl dispatch dpms off
[LOG] Executing hyprctl dispatch dpms off
[LOG] Process Created with pid 805312
ok
[LOG] Got PrepareForSleep from dbus with sleep true
[LOG] Releasing the sleep inhibitor!
[LOG] Resumed: rule 560c00186010
[LOG] Ignoring, onRestore is empty.
[LOG] Resumed: rule 560c00186058
[LOG] Running hyprctl dispatch dpms on
[LOG] Executing hyprctl dispatch dpms on
[LOG] Process Created with pid 805583
[LOG] Got PrepareForSleep from dbus with sleep false
[LOG] Inhibited sleep with fd 11
[LOG] Executing hyprctl dispatch dpms on && (systemctl --user is-active --quiet hyprpanel || systemctl --user start hyprpanel)
[LOG] Process Created with pid 805648
ok
ok
[LOG] Wayland session got unlocked
[LOG] Executing 
[LOG] Process Created with pid 805963
alled
[LOG]   | got iface: wl_output v4
[LOG]    > Bound to wl_output v4
[LOG] [core] dmabufFeedbackMainDevice
[LOG] output 58 make BOE model 0x0BC9
[LOG] output 58 done
[LOG] configure with serial 70443
[LOG] Configuring surface for logical [Vector2D: x: 2560, y: 1600] and pixel [Vector2D: x: 2560, y: 1600]
[LOG]   | got iface: wl_output v4
[LOG]    > Bound to wl_output v4
[LOG] [core] dmabufFeedbackMainDevice
[LOG] output 58 make BOE model 0x0BC9
[LOG] output 58 done
[LOG] configure with serial 70444
[LOG] Configuring surface for logical [Vector2D: x: 2560, y: 1600] and pixel [Vector2D: x: 2560, y: 1600]
[LOG] output 58 done
[LOG] output DP-4 name DP-4
[LOG] output 59 description Dell Inc. DELL S2721QS 6VSGM43 (DP-4)
[LOG] output 59 make Dell Inc. model DELL S2721QS
[LOG] output 59 done
[LOG] output 59 creating a new lock surface
[LOG] output DP-5 name DP-5
[LOG] output 60 description Dell Inc. DELL S3422DWG HSRTS63 (DP-5)
[LOG] output 60 make Dell Inc. model DELL S3422DWG
[LOG] output 60 done
[LOG] output 60 creating a new lock surface
[LOG] Got fractional scale: 150.0%
[LOG] configure with serial 70451
[LOG] Configuring surface for logical [Vector2D: x: 2560, y: 1440] and pixel [Vector2D: x: 3840, y: 2160]
[LOG] Got fractional scale: 100.0%
[LOG] configure with serial 70452
[LOG] Configuring surface for logical [Vector2D: x: 3440, y: 1440] and pixel [Vector2D: x: 3440, y: 1440]
[LOG] Authenticating
[LOG] PAM_PROMPT: Password: 
[ERR] auth: Authentication failed for hyprlock
[LOG] Failed attempts: 1
[LOG] Authenticating
[LOG] PAM_PROMPT: Password: 
[ERR] auth: Authentication failed for hyprlock
[LOG] Failed attempts: 2
[LOG] Authenticating
[LOG] PAM_PROMPT: Password: 
[ERR] auth: Authentication failed for hyprlock
[LOG] Failed attempts: 3
[LOG] Clearing password buffer
[LOG] Clearing password buffer
[LOG] Authenticating
[LOG] PAM_PROMPT: Password: 
[LOG] auth: authenticated for hyprlock
[LOG] Unlocking session
[LOG] Unlocked, exiting!
[LOG] Reached the end, exiting
[LOG]   | removed iface 58
[LOG] ScreenSaver inhibit: true dbus message from /usr/bin/vivaldi-stable (owner: :1.621) with content Video Wake Lock
[LOG] Inhibit locks: 1
[LOG] Cookie 1337 sent
[LOG] ScreenSaver inhibit: false dbus message from /usr/bin/vivaldi-stable (owner: :1.621) with content Video Wake Lock
[LOG] Inhibit locks: 0
[LOG] ScreenSaver inhibit: true dbus message from /usr/bin/vivaldi-stable (owner: :1.632) with content Video Wake Lock
[LOG] Inhibit locks: 1
[LOG] Cookie 1338 sent
[LOG] ScreenSaver inhibit: false dbus message from /usr/bin/vivaldi-stable (owner: :1.632) with content Video Wake Lock
[LOG] Inhibit locks: 0
[LOG] Idled: rule 560c00186010
[LOG] Running lock_cmd
[LOG] Executing lock_cmd
[LOG] Process Created with pid 820274
Hyprlock version v0.8.2
[ERR] Config has errors:
Config error in file /home/mason/.config/hypr/hyprlock.conf at line 49: config option <input-field:fail_timeout> does not exist.
Config error in file /home/mason/.config/hypr/hyprlock.conf at line 50: config option <input-field:fail_transition> does not exist.
Proceeding ignoring faulty entries
[LOG]   | got iface: wl_seat v9
[LOG]    > Bound to wl_seat v9
[LOG]   | got iface: wl_data_device_manager v3
[LOG]   | got iface: wl_compositor v6
[LOG]    > Bound to wl_compositor v6
[LOG]   | got iface: wl_subcompositor v1
[LOG]   | got iface: wl_shm v1
[LOG]    > Bound to wl_shm v1
[LOG]   | got iface: wp_viewporter v1
[LOG]    > Bound to wp_viewporter v1
[LOG]   | got iface: wp_tearing_control_manager_v1 v1
[LOG]   | got iface: wp_fractional_scale_manager_v1 v1
[LOG]    > Bound to wp_fractional_scale_manager_v1 v1
[LOG]   | got iface: zxdg_output_manager_v1 v3
[LOG]   | got iface: wp_cursor_shape_manager_v1 v1
[LOG]    > Bound to wp_cursor_shape_manager_v1 v1
[LOG]   | got iface: zwp_idle_inhibit_manager_v1 v1
[LOG]   | got iface: zwp_relative_pointer_manager_v1 v1
[LOG]   | got iface: zxdg_decoration_manager_v1 v1
[LOG]   | got iface: wp_alpha_modifier_v1 v1
[LOG]   | got iface: zwlr_gamma_control_manager_v1 v1
[LOG]   | got iface: ext_foreign_toplevel_list_v1 v1
[LOG]   | got iface: zwp_pointer_gestures_v1 v3
[LOG]   | got iface: zwlr_foreign_toplevel_manager_v1 v3
[LOG]   | got iface: zwp_keyboard_shortcuts_inhibit_manager_v1 v1
[LOG]   | got iface: zwp_text_input_manager_v1 v1
[LOG]   | got iface: zwp_text_input_manager_v3 v1
[LOG]   | got iface: zwp_pointer_constraints_v1 v1
[LOG]   | got iface: zwlr_output_power_manager_v1 v1
[LOG]   | got iface: xdg_activation_v1 v1
[LOG]   | got iface: ext_idle_notifier_v1 v2
[LOG]   | got iface: hyprland_lock_notifier_v1 v1
[LOG]   | got iface: ext_session_lock_manager_v1 v1
[LOG]    > Bound to ext_session_lock_manager_v1 v1
[LOG]   | got iface: zwp_input_method_manager_v2 v1
[LOG]   | got iface: zwp_virtual_keyboard_manager_v1 v1
[LOG]   | got iface: zwlr_virtual_pointer_manager_v1 v2
[LOG]   | got iface: zwlr_output_manager_v1 v4
[LOG]   | got iface: org_kde_kwin_server_decoration_manager v1
[LOG]   | got iface: hyprland_focus_grab_manager_v1 v1
[LOG]   | got iface: zwp_tablet_manager_v2 v1
[LOG]   | got iface: zwlr_layer_shell_v1 v5
[LOG]   | got iface: wp_presentation v1
[LOG]   | got iface: xdg_wm_base v6
[LOG]   | got iface: zwlr_data_control_manager_v1 v2
[LOG]   | got iface: zwp_primary_selection_device_manager_v1 v1
[LOG]   | got iface: xwayland_shell_v1 v1
[LOG]   | got iface: zwlr_screencopy_manager_v1 v3
[LOG]    > Bound to zwlr_screencopy_manager_v1 v3
[LOG]   | got iface: hyprland_toplevel_export_manager_v1 v2
[LOG]   | got iface: hyprland_toplevel_mapping_manager_v1 v1
[LOG]   | got iface: hyprland_global_shortcuts_manager_v1 v1
[LOG]   | got iface: xdg_wm_dialog_v1 v1
[LOG]   | got iface: wp_single_pixel_buffer_manager_v1 v1
[LOG]   | got iface: wp_security_context_manager_v1 v1
[LOG]   | got iface: hyprland_ctm_control_manager_v1 v2
[LOG]   | got iface: hyprland_surface_manager_v1 v2
[LOG]   | got iface: wp_content_type_manager_v1 v1
[LOG]   | got iface: xdg_toplevel_tag_manager_v1 v1
[LOG]   | got iface: xdg_system_bell_v1 v1
[LOG]   | got iface: wp_color_manager_v1 v1
[LOG]   | got iface: wp_drm_lease_device_v1 v1
[LOG]   | got iface: wp_linux_drm_syncobj_manager_v1 v1
[LOG]   | got iface: wl_drm v2
[LOG]   | got iface: zwp_linux_dmabuf_v1 v5
[LOG]    > Bound to zwp_linux_dmabuf_v1 v5
[LOG]   | got iface: wl_output v4
[LOG]    > Bound to wl_output v4
[LOG]   | got iface: wl_output v4
[LOG]    > Bound to wl_output v4
[LOG] Exposed seat name: Hyprland
[LOG] [core] dmabufFeedbackMainDevice
[LOG] output DP-4 name DP-4
[LOG] output 59 description Dell Inc. DELL S2721QS 6VSGM43 (DP-4)
[LOG] output 59 make Dell Inc. model DELL S2721QS
[LOG] output 59 done
[LOG] output DP-5 name DP-5
[LOG] output 60 description Dell Inc. DELL S3422DWG HSRTS63 (DP-5)
[LOG] output 60 make Dell Inc. model DELL S3422DWG
[LOG] output 60 done
[LOG[LOG] Wayland session got locked
[LOG] Executing 
[LOG] Process Created with pid 820300
[LOG] Idled: rule 560c00186058
[LOG] Running hyprctl dispatch dpms off
[LOG] Executing hyprctl dispatch dpms off
[LOG] Process Created with pid 820560
ok
[LOG] Got PrepareForSleep from dbus with sleep true
[LOG] Releasing the sleep inhibitor!
[LOG] Resumed: rule 560c00186010
[LOG] Ignoring, onRestore is empty.
[LOG] Resumed: rule 560c00186058
[LOG] Running hyprctl dispatch dpms on
[LOG] Executing hyprctl dispatch dpms on
[LOG] Process Created with pid 820999
[LOG] Got PrepareForSleep from dbus with sleep false
[LOG] Inhibited sleep with fd 11
[LOG] Executing hyprctl dispatch dpms on && (systemctl --user is-active --quiet hyprpanel || systemctl --user start hyprpanel)
[LOG] Process Created with pid 821024
ok
ok
[LOG] Wayland session got unlocked
[LOG] Executing 
[LOG] Process Created with pid 821216
] Running on Hyprland
[LOG] Locking session
[LOG] Starting fade in
[LOG] Got fractional scale: 150.0%
[LOG] configure with serial 73701
[LOG] Configuring surface for logical [Vector2D: x: 2560, y: 1440] and pixel [Vector2D: x: 3840, y: 2160]
[LOG] Got fractional scale: 100.0%
[LOG] configure with serial 73702
[LOG] Configuring surface for logical [Vector2D: x: 3440, y: 1440] and pixel [Vector2D: x: 3440, y: 1440]
[LOG] onLockLocked called
[LOG] Authenticating
[LOG] PAM_PROMPT: Password: 
[LOG] auth: authenticated for hyprlock
[LOG] Unlocking session
[LOG] Unlocked, exiting!
[LOG] Reached the end, exiting
[LOG] ScreenSaver inhibit: true dbus message from /usr/bin/vivaldi-stable (owner: :1.660) with content Blink Wake Lock
[LOG] Inhibit locks: 1
[LOG] Cookie 1339 sent
[LOG] ScreenSaver inhibit: true dbus message from /usr/bin/vivaldi-stable (owner: :1.665) with content Video Wake Lock
[LOG] Inhibit locks: 2
[LOG] Cookie 1340 sent
[LOG] ScreenSaver inhibit: false dbus message from /usr/bin/vivaldi-stable (owner: :1.660) with content Blink Wake Lock
[LOG] Inhibit locks: 1
[LOG] ScreenSaver inhibit: false dbus message from /usr/bin/vivaldi-stable (owner: :1.665) with content Video Wake Lock
[LOG] Inhibit locks: 0
[LOG] ScreenSaver inhibit: true dbus message from /usr/bin/vivaldi-stable (owner: :1.675) with content Blink Wake Lock
[LOG] Inhibit locks: 1
[LOG] Cookie 1341 sent
[LOG] ScreenSaver inhibit: true dbus message from /usr/bin/vivaldi-stable (owner: :1.677) with content Video Wake Lock
[LOG] Inhibit locks: 2
[LOG] Cookie 1342 sent
[LOG] ScreenSaver inhibit: false dbus message from /usr/bin/vivaldi-stable (owner: :1.677) with content Video Wake Lock
[LOG] Inhibit locks: 1
[LOG] ScreenSaver inhibit: false dbus message from /usr/bin/vivaldi-stable (owner: :1.675) with content Blink Wake Lock
[LOG] Inhibit locks: 0
[LOG] ScreenSaver inhibit: true dbus message from /usr/bin/vivaldi-stable (owner: :1.680) with content Blink Wake Lock
[LOG] Inhibit locks: 1
[LOG] Cookie 1343 sent
[LOG] ScreenSaver inhibit: true dbus message from /usr/bin/vivaldi-stable (owner: :1.690) with content Native desktop capture
[LOG] Inhibit locks: 2
[LOG] Cookie 1344 sent
[LOG] ScreenSaver inhibit: false dbus message from /usr/bin/vivaldi-stable (owner: :1.690) with content Native desktop capture
[LOG] Inhibit locks: 1
