usage: uwsm app [-h] [-s {a,b,s,custom.slice}] [-t {scope,service}]
                [-a app_name] [-u unit_name] [-d unit_description]
                [-S {out,err,both}] [-T]
                args [args ...]
uwsm app: error: the following arguments are required: args
usage: uwsm app [-h] [-s {a,b,s,custom.slice}] [-t {scope,service}]
                [-a app_name] [-u unit_name] [-d unit_description]
                [-S {out,err,both}] [-T]
                args [args ...]
uwsm app: error: the following arguments are required: args
usage: uwsm app [-h] [-s {a,b,s,custom.slice}] [-t {scope,service}]
                [-a app_name] [-u unit_name] [-d unit_description]
                [-S {out,err,both}] [-T]
                args [args ...]
uwsm app: error: the following arguments are required: args
usage: uwsm app [-h] [-s {a,b,s,custom.slice}] [-t {scope,service}]
                [-a app_name] [-u unit_name] [-d unit_description]
                [-S {out,err,both}] [-T]
                args [args ...]
uwsm app: error: the following arguments are required: args
usage: uwsm app [-h] [-s {a,b,s,custom.slice}] [-t {scope,service}]
                [-a app_name] [-u unit_name] [-d unit_description]
                [-S {out,err,both}] [-T]
                args [args ...]
uwsm app: error: the following arguments are required: args
usage: uwsm app [-h] [-s {a,b,s,custom.slice}] [-t {scope,service}]
                [-a app_name] [-u unit_name] [-d unit_description]
                [-S {out,err,both}] [-T]
                args [args ...]
uwsm app: error: the following arguments are required: args
usage: uwsm app [-h] [-s {a,b,s,custom.slice}] [-t {scope,service}]
                [-a app_name] [-u unit_name] [-d unit_description]
                [-S {out,err,both}] [-T]
                args [args ...]
uwsm app: error: the following arguments are required: args
usage: uwsm app [-h] [-s {a,b,s,custom.slice}] [-t {scope,service}]
                [-a app_name] [-u unit_name] [-d unit_description]
                [-S {out,err,both}] [-T]
                args [args ...]
uwsm app: error: the following arguments are required: args
usage: uwsm app [-h] [-s {a,b,s,custom.slice}] [-t {scope,service}]
                [-a app_name] [-u unit_name] [-d unit_description]
                [-S {out,err,both}] [-T]
                args [args ...]
uwsm app: error: the following arguments are required: args
usage: uwsm app [-h] [-s {a,b,s,custom.slice}] [-t {scope,service}]
                [-a app_name] [-u unit_name] [-d unit_description]
                [-S {out,err,both}] [-T]
                args [args ...]
uwsm app: error: the following arguments are required: args
usage: uwsm app [-h] [-s {a,b,s,custom.slice}] [-t {scope,service}]
                [-a app_name] [-u unit_name] [-d unit_description]
                [-S {out,err,both}] [-T]
                args [args ...]
uwsm app: error: the following arguments are required: args
usage: uwsm app [-h] [-s {a,b,s,custom.slice}] [-t {scope,service}]
                [-a app_name] [-u unit_name] [-d unit_description]
                [-S {out,err,both}] [-T]
                args [args ...]
uwsm app: error: the following arguments are required: args
usage: uwsm app [-h] [-s {a,b,s,custom.slice}] [-t {scope,service}]
                [-a app_name] [-u unit_name] [-d unit_description]
                [-S {out,err,both}] [-T]
                args [args ...]
uwsm app: error: the following arguments are required: args
usage: uwsm app [-h] [-s {a,b,s,custom.slice}] [-t {scope,service}]
                [-a app_name] [-u unit_name] [-d unit_description]
                [-S {out,err,both}] [-T]
                args [args ...]
uwsm app: error: the following arguments are required: args
usage: uwsm app [-h] [-s {a,b,s,custom.slice}] [-t {scope,service}]
                [-a app_name] [-u unit_name] [-d unit_description]
                [-S {out,err,both}] [-T]
                args [args ...]
uwsm app: error: the following arguments are required: args
usage: uwsm app [-h] [-s {a,b,s,custom.slice}] [-t {scope,service}]
                [-a app_name] [-u unit_name] [-d unit_description]
                [-S {out,err,both}] [-T]
                args [args ...]
uwsm app: error: the following arguments are required: args
usage: uwsm app [-h] [-s {a,b,s,custom.slice}] [-t {scope,service}]
                [-a app_name] [-u unit_name] [-d unit_description]
                [-S {out,err,both}] [-T]
                args [args ...]
uwsm app: error: the following arguments are required: args
usage: uwsm app [-h] [-s {a,b,s,custom.slice}] [-t {scope,service}]
                [-a app_name] [-u unit_name] [-d unit_description]
                [-S {out,err,both}] [-T]
                args [args ...]
uwsm app: error: the following arguments are required: args
usage: uwsm app [-h] [-s {a,b,s,custom.slice}] [-t {scope,service}]
                [-a app_name] [-u unit_name] [-d unit_description]
                [-S {out,err,both}] [-T]
                args [args ...]
uwsm app: error: the following arguments are required: args
usage: uwsm app [-h] [-s {a,b,s,custom.slice}] [-t {scope,service}]
                [-a app_name] [-u unit_name] [-d unit_description]
                [-S {out,err,both}] [-T]
                args [args ...]
uwsm app: error: the following arguments are required: args
usage: uwsm app [-h] [-s {a,b,s,custom.slice}] [-t {scope,service}]
                [-a app_name] [-u unit_name] [-d unit_description]
                [-S {out,err,both}] [-T]
                args [args ...]
uwsm app: error: the following arguments are required: args
usage: uwsm app [-h] [-s {a,b,s,custom.slice}] [-t {scope,service}]
                [-a app_name] [-u unit_name] [-d unit_description]
                [-S {out,err,both}] [-T]
                args [args ...]
uwsm app: error: the following arguments are required: args
<3>Command not found: "13:25:11.932"
usage: uwsm app [-h] [-s {a,b,s,custom.slice}] [-t {scope,service}]
                [-a app_name] [-u unit_name] [-d unit_description]
                [-S {out,err,both}] [-T]
                args [args ...]
uwsm app: error: the following arguments are required: args
usage: uwsm app [-h] [-s {a,b,s,custom.slice}] [-t {scope,service}]
                [-a app_name] [-u unit_name] [-d unit_description]
                [-S {out,err,both}] [-T]
                args [args ...]
uwsm app: error: the following arguments are required: args
<3>Command not found: "[90m[main"
usage: uwsm app [-h] [-s {a,b,s,custom.slice}] [-t {scope,service}]
                [-a app_name] [-u unit_name] [-d unit_description]
                [-S {out,err,both}] [-T]
                args [args ...]
uwsm app: error: the following arguments are required: args
usage: uwsm app [-h] [-s {a,b,s,custom.slice}] [-t {scope,service}]
                [-a app_name] [-u unit_name] [-d unit_description]
                [-S {out,err,both}] [-T]
                args [args ...]
uwsm app: error: the following arguments are required: args
<3>Command not found: "Opening"
<3>Command not found: "Opening"
usage: uwsm app [-h] [-s {a,b,s,custom.slice}] [-t {scope,service}]
                [-a app_name] [-u unit_name] [-d unit_description]
                [-S {out,err,both}] [-T]
                args [args ...]
uwsm app: error: the following arguments are required: args
usage: uwsm app [-h] [-s {a,b,s,custom.slice}] [-t {scope,service}]
                [-a app_name] [-u unit_name] [-d unit_description]
                [-S {out,err,both}] [-T]
                args [args ...]
uwsm app: error: the following arguments are required: args
usage: uwsm app [-h] [-s {a,b,s,custom.slice}] [-t {scope,service}]
                [-a app_name] [-u unit_name] [-d unit_description]
                [-S {out,err,both}] [-T]
                args [args ...]
uwsm app: error: the following arguments are required: args
<3>Command not found: "Opening"
usage: uwsm app [-h] [-s {a,b,s,custom.slice}] [-t {scope,service}]
                [-a app_name] [-u unit_name] [-d unit_description]
                [-S {out,err,both}] [-T]
                args [args ...]
uwsm app: error: the following arguments are required: args
usage: uwsm app [-h] [-s {a,b,s,custom.slice}] [-t {scope,service}]
                [-a app_name] [-u unit_name] [-d unit_description]
                [-S {out,err,both}] [-T]
                args [args ...]
uwsm app: error: the following arguments are required: args
usage: uwsm app [-h] [-s {a,b,s,custom.slice}] [-t {scope,service}]
                [-a app_name] [-u unit_name] [-d unit_description]
                [-S {out,err,both}] [-T]
                args [args ...]
uwsm app: error: the following arguments are required: args
usage: uwsm app [-h] [-s {a,b,s,custom.slice}] [-t {scope,service}]
                [-a app_name] [-u unit_name] [-d unit_description]
                [-S {out,err,both}] [-T]
                args [args ...]
uwsm app: error: the following arguments are required: args
<3>Command not found: "Opening"
usage: uwsm app [-h] [-s {a,b,s,custom.slice}] [-t {scope,service}]
                [-a app_name] [-u unit_name] [-d unit_description]
                [-S {out,err,both}] [-T]
                args [args ...]
uwsm app: error: the following arguments are required: args
usage: uwsm app [-h] [-s {a,b,s,custom.slice}] [-t {scope,service}]
                [-a app_name] [-u unit_name] [-d unit_description]
                [-S {out,err,both}] [-T]
                args [args ...]
uwsm app: error: the following arguments are required: args
usage: uwsm app [-h] [-s {a,b,s,custom.slice}] [-t {scope,service}]
                [-a app_name] [-u unit_name] [-d unit_description]
                [-S {out,err,both}] [-T]
                args [args ...]
uwsm app: error: the following arguments are required: args
usage: uwsm app [-h] [-s {a,b,s,custom.slice}] [-t {scope,service}]
                [-a app_name] [-u unit_name] [-d unit_description]
                [-S {out,err,both}] [-T]
                args [args ...]
uwsm app: error: the following arguments are required: args
usage: uwsm app [-h] [-s {a,b,s,custom.slice}] [-t {scope,service}]
                [-a app_name] [-u unit_name] [-d unit_description]
                [-S {out,err,both}] [-T]
                args [args ...]
uwsm app: error: the following arguments are required: args
usage: uwsm app [-h] [-s {a,b,s,custom.slice}] [-t {scope,service}]
                [-a app_name] [-u unit_name] [-d unit_description]
                [-S {out,err,both}] [-T]
                args [args ...]
uwsm app: error: the following arguments are required: args
usage: uwsm app [-h] [-s {a,b,s,custom.slice}] [-t {scope,service}]
                [-a app_name] [-u unit_name] [-d unit_description]
                [-S {out,err,both}] [-T]
                args [args ...]
uwsm app: error: the following arguments are required: args
usage: uwsm app [-h] [-s {a,b,s,custom.slice}] [-t {scope,service}]
                [-a app_name] [-u unit_name] [-d unit_description]
                [-S {out,err,both}] [-T]
                args [args ...]
uwsm app: error: the following arguments are required: args
usage: uwsm app [-h] [-s {a,b,s,custom.slice}] [-t {scope,service}]
                [-a app_name] [-u unit_name] [-d unit_description]
                [-S {out,err,both}] [-T]
                args [args ...]
uwsm app: error: the following arguments are required: args
usage: uwsm app [-h] [-s {a,b,s,custom.slice}] [-t {scope,service}]
                [-a app_name] [-u unit_name] [-d unit_description]
                [-S {out,err,both}] [-T]
                args [args ...]
uwsm app: error: the following arguments are required: args
usage: uwsm app [-h] [-s {a,b,s,custom.slice}] [-t {scope,service}]
                [-a app_name] [-u unit_name] [-d unit_description]
                [-S {out,err,both}] [-T]
                args [args ...]
uwsm app: error: the following arguments are required: args
usage: uwsm app [-h] [-s {a,b,s,custom.slice}] [-t {scope,service}]
                [-a app_name] [-u unit_name] [-d unit_description]
                [-S {out,err,both}] [-T]
                args [args ...]
uwsm app: error: the following arguments are required: args
usage: uwsm app [-h] [-s {a,b,s,custom.slice}] [-t {scope,service}]
                [-a app_name] [-u unit_name] [-d unit_description]
                [-S {out,err,both}] [-T]
                args [args ...]
uwsm app: error: the following arguments are required: args
usage: uwsm app [-h] [-s {a,b,s,custom.slice}] [-t {scope,service}]
                [-a app_name] [-u unit_name] [-d unit_description]
                [-S {out,err,both}] [-T]
                args [args ...]
uwsm app: error: the following arguments are required: args
usage: uwsm app [-h] [-s {a,b,s,custom.slice}] [-t {scope,service}]
                [-a app_name] [-u unit_name] [-d unit_description]
                [-S {out,err,both}] [-T]
                args [args ...]
uwsm app: error: the following arguments are required: args
<3>Command not found: "[90m[main"
<3>Command not found: "Opening"
